
6076   <--- Total mementos                                                            
528    <--- After filtering (years: 01, 05, 09, 13, 17)  and months (01, 02 ,03)      
251    <--- More filtering  (One memento per day) 
                                   
1    http://web.archive.org/web/20010105122700id_/http://www.va.gov/              4615338582832779970  0   0                 0     
sadasdsad
1.11022302463e-16 0

sadasdsad
2    http://web.archive.org/web/20010106142500id_/http://www.va.gov/              4615338582832779970  0   1.11022302463e-16 0     
sadasdsad
1.11022302463e-16 0

sadasdsad
3    http://web.archive.org/web/20010118202100id_/http://www.va.gov/              4615338582832779970  0   1.11022302463e-16 0     
sadasdsad
6.35021669111e-05 0

sadasdsad
4    http://web.archive.org/web/20010201084300id_/http://www.va.gov/              4615338582832779970  0   6.35021669111e-05 0     
sadasdsad
4.27010032983e-05 0

sadasdsad
5    http://web.archive.org/web/20010224143648id_/http://www.va.gov/              4615338582832779970  0   4.27010032983e-05 0     
sadasdsad
0.0 0

sadasdsad
6    http://web.archive.org/web/20010301083506id_/http://www.va.gov/              4615338582832779970  0   0.0               0     
sadasdsad
0.0 0

sadasdsad
7    http://web.archive.org/web/20010302131009id_/http://www.va.gov/              4615338582832779970  0   0.0               0     
sadasdsad
0.397301322058 0

sadasdsad
8    http://web.archive.org/web/20010304190542id_/http://www.va.gov               5434770380061915222  24  0.397301322058    0     
sadasdsad
0.384559339101 0

sadasdsad
9    http://web.archive.org/web/20010305112753id_/http://www.va.gov               9667431118846531252  29  0.384559339101    0     
sadasdsad
0.0721122194357 0

sadasdsad
10   http://web.archive.org/web/20010330041611id_/http://www.va.gov/              4615338582832779970  25  0.0721122194357   0     
sadasdsad
0.0583298950513 0

sadasdsad
11   http://web.archive.org/web/20050101084815id_/http://www.va.gov/              3138156813828428431  17  0.0583298950513   0     
sadasdsad
-2.22044604925e-16 0

sadasdsad
12   http://web.archive.org/web/20050102092508id_/http://www.va.gov/              3138156813828428431  0   -2.22044604925e-16 0     
sadasdsad
-2.22044604925e-16 0

sadasdsad
13   http://web.archive.org/web/20050104092712id_/http://www.va.gov/              3138156813828428431  0   -2.22044604925e-16 0     
sadasdsad
-2.22044604925e-16 0

sadasdsad
14   http://web.archive.org/web/20050105084605id_/http://www.va.gov/              3138156813828428431  0   -2.22044604925e-16 0     
sadasdsad
-2.22044604925e-16 0

sadasdsad
15   http://web.archive.org/web/20050106085056id_/http://www.va.gov/              3138156813828428431  0   -2.22044604925e-16 0     
sadasdsad
-2.22044604925e-16 0

sadasdsad
16   http://web.archive.org/web/20050107091156id_/http://www.va.gov/              3138156813828428431  0   -2.22044604925e-16 0     
sadasdsad
-2.22044604925e-16 0

sadasdsad
17   http://web.archive.org/web/20050109085339id_/http://www.va.gov/              3138156813828428431  0   -2.22044604925e-16 0     
sadasdsad
-2.22044604925e-16 0

sadasdsad
18   http://web.archive.org/web/20050112094243id_/http://www.va.gov/              3138156813828428431  0   -2.22044604925e-16 0     
sadasdsad
-2.22044604925e-16 0

sadasdsad
19   http://web.archive.org/web/20050113084820id_/http://www.va.gov/              3138156813828428431  0   -2.22044604925e-16 0     
sadasdsad
-2.22044604925e-16 0

sadasdsad
20   http://web.archive.org/web/20050114090247id_/http://www.va.gov/              3138156813828428431  0   -2.22044604925e-16 0     
sadasdsad
-2.22044604925e-16 0

sadasdsad
21   http://web.archive.org/web/20050115090606id_/http://www.va.gov/              3138156813828428431  0   -2.22044604925e-16 0     
sadasdsad
-2.22044604925e-16 0

sadasdsad
22   http://web.archive.org/web/20050116083933id_/http://www.va.gov/              3138156813828428431  0   -2.22044604925e-16 0     
sadasdsad
-2.22044604925e-16 0

sadasdsad
23   http://web.archive.org/web/20050117084127id_/http://www.va.gov/              3138156813828428431  0   -2.22044604925e-16 0     
sadasdsad
-2.22044604925e-16 0

sadasdsad
24   http://web.archive.org/web/20050119084717id_/http://www.va.gov/              3138156813828428431  0   -2.22044604925e-16 0     
sadasdsad
-2.22044604925e-16 0

sadasdsad
25   http://web.archive.org/web/20050120094530id_/http://www.va.gov/              3138156813828428431  0   -2.22044604925e-16 0     
sadasdsad
-2.22044604925e-16 0

sadasdsad
26   http://web.archive.org/web/20050121103557id_/http://www.va.gov/              3138156813828428431  0   -2.22044604925e-16 0     
sadasdsad
-2.22044604925e-16 0

sadasdsad
27   http://web.archive.org/web/20050122085603id_/http://www.va.gov/              3138156813828428431  0   -2.22044604925e-16 0     
sadasdsad
-2.22044604925e-16 0

sadasdsad
28   http://web.archive.org/web/20050123084416id_/http://www.va.gov/              3138156813828428431  0   -2.22044604925e-16 0     
sadasdsad
-2.22044604925e-16 0

sadasdsad
29   http://web.archive.org/web/20050124092106id_/http://www.va.gov/              3138156813828428431  0   -2.22044604925e-16 0     
sadasdsad
-2.22044604925e-16 0

sadasdsad
30   http://web.archive.org/web/20050125084401id_/http://www.va.gov/              3138156813828428431  0   -2.22044604925e-16 0     
sadasdsad
-2.22044604925e-16 0

sadasdsad
31   http://web.archive.org/web/20050126084819id_/http://www.va.gov/              3138156813828428431  0   -2.22044604925e-16 0     
sadasdsad
-2.22044604925e-16 0

sadasdsad
32   http://web.archive.org/web/20050127095401id_/http://www.va.gov/              3138156813828428431  0   -2.22044604925e-16 0     
sadasdsad
-2.22044604925e-16 0

sadasdsad
33   http://web.archive.org/web/20050129094820id_/http://www.va.gov/              3138156813828428431  0   -2.22044604925e-16 0     
sadasdsad
-2.22044604925e-16 0

sadasdsad
34   http://web.archive.org/web/20050130090644id_/http://www.va.gov/              3138156813828428431  0   -2.22044604925e-16 0     
sadasdsad
-2.22044604925e-16 0

sadasdsad
35   http://web.archive.org/web/20050131094152id_/http://www.va.gov/              3138156813828428431  0   -2.22044604925e-16 0     
sadasdsad
-2.22044604925e-16 0

sadasdsad
36   http://web.archive.org/web/20050204100220id_/http://www.va.gov/              3138156813828428431  0   -2.22044604925e-16 0     
sadasdsad
-2.22044604925e-16 0

sadasdsad
37   http://web.archive.org/web/20050205085107id_/http://www.va.gov/              3138156813828428431  0   -2.22044604925e-16 0     
sadasdsad
-2.22044604925e-16 0

sadasdsad
38   http://web.archive.org/web/20050206083556id_/http://www.va.gov/              3138156813828428431  0   -2.22044604925e-16 0     
sadasdsad
-2.22044604925e-16 0

sadasdsad
39   http://web.archive.org/web/20050207042126id_/http://www1.va.gov/             3138156813828428431  0   -2.22044604925e-16 0     
sadasdsad
0.000242432048202 0

sadasdsad
40   http://web.archive.org/web/20050209025655id_/http://www.va.gov/              3138156813828428463  1   0.000242432048202 0     
sadasdsad
1.11022302463e-16 0

sadasdsad
41   http://web.archive.org/web/20050210035347id_/http://www.va.gov/              3138156813828428463  0   1.11022302463e-16 0     
sadasdsad
1.11022302463e-16 0

sadasdsad
42   http://web.archive.org/web/20050211030448id_/http://www1.va.gov/             3138156813828428463  0   1.11022302463e-16 0     
sadasdsad
1.11022302463e-16 0

sadasdsad
43   http://web.archive.org/web/20050212024726id_/http://www.va.gov/              3138156813828428463  0   1.11022302463e-16 0     
sadasdsad
1.11022302463e-16 0

sadasdsad
44   http://web.archive.org/web/20050214092604id_/http://www.va.gov/              3138156813828428463  0   1.11022302463e-16 0     
sadasdsad
1.11022302463e-16 0

sadasdsad
45   http://web.archive.org/web/20050216094438id_/http://www.va.gov/              3138156813828428463  0   1.11022302463e-16 0     
sadasdsad
1.11022302463e-16 0

sadasdsad
46   http://web.archive.org/web/20050217094933id_/http://www.va.gov/              3138156813828428463  0   1.11022302463e-16 0     
sadasdsad
1.11022302463e-16 0

sadasdsad
47   http://web.archive.org/web/20050218092939id_/http://www.va.gov/              3138156813828428463  0   1.11022302463e-16 0     
sadasdsad
1.11022302463e-16 0

sadasdsad
48   http://web.archive.org/web/20050219091751id_/http://www.va.gov/              3138156813828428463  0   1.11022302463e-16 0     
sadasdsad
1.11022302463e-16 0

sadasdsad
49   http://web.archive.org/web/20050220101625id_/http://www.va.gov/              3138156813828428463  0   1.11022302463e-16 0     
sadasdsad
1.11022302463e-16 0

sadasdsad
50   http://web.archive.org/web/20050221010348id_/http://www.va.gov/              3138156813828428463  0   1.11022302463e-16 0     
sadasdsad
1.11022302463e-16 0

sadasdsad
51   http://web.archive.org/web/20050222093802id_/http://www.va.gov/              3138156813828428463  0   1.11022302463e-16 0     
sadasdsad
1.11022302463e-16 0

sadasdsad
52   http://web.archive.org/web/20050223091626id_/http://www.va.gov/              3138156813828428463  0   1.11022302463e-16 0     
sadasdsad
1.11022302463e-16 0

sadasdsad
53   http://web.archive.org/web/20050224100709id_/http://www.va.gov/              3138156813828428463  0   1.11022302463e-16 0     
sadasdsad
1.11022302463e-16 0

sadasdsad
54   http://web.archive.org/web/20050225084638id_/http://www.va.gov/              3138156813828428463  0   1.11022302463e-16 0     
sadasdsad
1.11022302463e-16 0

sadasdsad
55   http://web.archive.org/web/20050228232617id_/http://www.va.gov/              3138156813828428463  0   1.11022302463e-16 0     
sadasdsad
1.11022302463e-16 0

sadasdsad
56   http://web.archive.org/web/20050301061923id_/http://www.va.gov/              3138156813828428463  0   1.11022302463e-16 0     
sadasdsad
1.11022302463e-16 0

sadasdsad
57   http://web.archive.org/web/20050302095605id_/http://www.va.gov/              3138156813828428463  0   1.11022302463e-16 0     
sadasdsad
1.11022302463e-16 0

sadasdsad
58   http://web.archive.org/web/20050303083311id_/http://www.va.gov/              3138156813828428463  0   1.11022302463e-16 0     
sadasdsad
1.11022302463e-16 0

sadasdsad
59   http://web.archive.org/web/20050305091641id_/http://www.va.gov/              3138156813828428463  0   1.11022302463e-16 0     
sadasdsad
1.11022302463e-16 0

sadasdsad
60   http://web.archive.org/web/20050307083613id_/http://www.va.gov/              3138156813828428463  0   1.11022302463e-16 0     
sadasdsad
1.11022302463e-16 0

sadasdsad
61   http://web.archive.org/web/20050308083659id_/http://www.va.gov/              3138156813828428463  0   1.11022302463e-16 0     
sadasdsad
1.11022302463e-16 0

sadasdsad
62   http://web.archive.org/web/20050309094013id_/http://www.va.gov/              3138156813828428463  0   1.11022302463e-16 0     
sadasdsad
1.11022302463e-16 0

sadasdsad
63   http://web.archive.org/web/20050310094812id_/http://www.va.gov/              3138156813828428463  0   1.11022302463e-16 0     
sadasdsad
1.11022302463e-16 0

sadasdsad
64   http://web.archive.org/web/20050311092152id_/http://www.va.gov/              3138156813828428463  0   1.11022302463e-16 0     
sadasdsad
1.11022302463e-16 0

sadasdsad
65   http://web.archive.org/web/20050313094003id_/http://www.va.gov/              3138156813828428463  0   1.11022302463e-16 0     
sadasdsad
1.11022302463e-16 0

sadasdsad
66   http://web.archive.org/web/20050314001938id_/http://www.va.gov/              3138156813828428463  0   1.11022302463e-16 0     
sadasdsad
1.11022302463e-16 0

sadasdsad
67   http://web.archive.org/web/20050315091834id_/http://www.va.gov/              3138156813828428463  0   1.11022302463e-16 0     
sadasdsad
1.11022302463e-16 0

sadasdsad
68   http://web.archive.org/web/20050316094700id_/http://www.va.gov/              3138156813828428463  0   1.11022302463e-16 0     
sadasdsad
1.11022302463e-16 0

sadasdsad
69   http://web.archive.org/web/20050317094424id_/http://www.va.gov/              3138156813828428463  0   1.11022302463e-16 0     
sadasdsad
1.11022302463e-16 0

sadasdsad
70   http://web.archive.org/web/20050318084302id_/http://www.va.gov/              3138156813828428463  0   1.11022302463e-16 0     
sadasdsad
1.11022302463e-16 0

sadasdsad
71   http://web.archive.org/web/20050319093453id_/http://www.va.gov/              3138156813828428463  0   1.11022302463e-16 0     
sadasdsad
1.11022302463e-16 0

sadasdsad
72   http://web.archive.org/web/20050320084202id_/http://www.va.gov/              3138156813828428463  0   1.11022302463e-16 0     
sadasdsad
1.11022302463e-16 0

sadasdsad
73   http://web.archive.org/web/20050321020040id_/http://www.va.gov/              3138156813828428463  0   1.11022302463e-16 0     
sadasdsad
1.11022302463e-16 0

sadasdsad
74   http://web.archive.org/web/20050322014509id_/http://www.va.gov/              3138156813828428463  0   1.11022302463e-16 0     
sadasdsad
1.11022302463e-16 0

sadasdsad
75   http://web.archive.org/web/20050323094254id_/http://www.va.gov/              3138156813828428463  0   1.11022302463e-16 0     
sadasdsad
1.11022302463e-16 0

sadasdsad
76   http://web.archive.org/web/20050324091618id_/http://www.va.gov/              3138156813828428463  0   1.11022302463e-16 0     
sadasdsad
1.11022302463e-16 0

sadasdsad
77   http://web.archive.org/web/20050325100939id_/http://www.va.gov/              3138156813828428463  0   1.11022302463e-16 0     
sadasdsad
1.11022302463e-16 0

sadasdsad
78   http://web.archive.org/web/20050326071354id_/http://www.va.gov/              3138156813828428463  0   1.11022302463e-16 0     
sadasdsad
1.11022302463e-16 0

sadasdsad
79   http://web.archive.org/web/20050329090618id_/http://www.va.gov/              3138156813828428463  0   1.11022302463e-16 0     
sadasdsad
0.00290212497786 0

sadasdsad
80   http://web.archive.org/web/20050330034022id_/http://www.va.gov/              3138016076340073135  1   0.00290212497786  0     
sadasdsad
0.00288093478172 0

sadasdsad
81   http://web.archive.org/web/20050331092239id_/http://www.va.gov/              3138156813828428463  1   0.00288093478172  0     
sadasdsad
0.0394106634805 0

sadasdsad
82   http://web.archive.org/web/20090101100503id_/http://www.va.gov/              228853332598796365   23  0.0394106634805   0     
sadasdsad
-2.22044604925e-16 0

sadasdsad
83   http://web.archive.org/web/20090103055905id_/http://www.va.gov/              228853332598796365   0   -2.22044604925e-16 0     
sadasdsad
0.0162686488748 0

sadasdsad
84   http://web.archive.org/web/20090104080242id_/http://www1.va.gov/             154434039124013277   10  0.0162686488748   0     
sadasdsad
0.0162875337807 0

sadasdsad
85   http://web.archive.org/web/20090105163947id_/http://www.va.gov/              228853332607184973   11  0.0162875337807   0     
sadasdsad
-4.4408920985e-16 0

sadasdsad
86   http://web.archive.org/web/20090108173818id_/http://www.va.gov/              228853332607184973   0   -4.4408920985e-16 0     
sadasdsad
0.000987073902831 0

sadasdsad
87   http://web.archive.org/web/20090109010511id_/http://www.va.gov/              228571858704216141   2   0.000987073902831 0     
sadasdsad
0.000421734592871 0

sadasdsad
88   http://web.archive.org/web/20090112201923id_/http://www.va.gov/              228712596192571597   2   0.000421734592871 0     
sadasdsad
0.0163875365814 0

sadasdsad
89   http://web.archive.org/web/20090113075042id_/http://www1.va.gov/             154434039124013277   9   0.0163875365814   0     
sadasdsad
0.0174837708847 0

sadasdsad
90   http://web.archive.org/web/20090114001711id_/http://www.va.gov/              228571857630466141   10  0.0174837708847   0     
sadasdsad
0.0174837708847 0

sadasdsad
91   http://web.archive.org/web/20090115083106id_/http://www1.va.gov/             154434039124013277   10  0.0174837708847   0     
sadasdsad
0.0178497363312 0

sadasdsad
92   http://web.archive.org/web/20090116133457id_/http://www.va.gov/              228571857630474269   10  0.0178497363312   0     
sadasdsad
0.000998851457837 0

sadasdsad
93   http://web.archive.org/web/20090117000909id_/http://www.va.gov/              228853332061925469   4   0.000998851457837 0     
sadasdsad
0.0 0

sadasdsad
94   http://web.archive.org/web/20090118025042id_/http://www.va.gov/              228853332061925469   0   0.0               0     
sadasdsad
0.0 0

sadasdsad
95   http://web.archive.org/web/20090119080733id_/http://www.va.gov/              228853332061925469   0   0.0               0     
sadasdsad
0.0 0

sadasdsad
96   http://web.archive.org/web/20090120010705id_/http://www.va.gov/              228853332061925469   0   0.0               0     
sadasdsad
0.000819711383653 0

sadasdsad
97   http://web.archive.org/web/20090121230651id_/http://www.va.gov/              228853333135667293   1   0.000819711383653 0     
sadasdsad
0.0163648445806 0

sadasdsad
98   http://web.archive.org/web/20090122053238id_/http://www1.va.gov/             154434039124013277   11  0.0163648445806   0     
sadasdsad
0.0167614738064 0

sadasdsad
99   http://web.archive.org/web/20090123015554id_/http://www.va.gov/              228853332598796493   9   0.0167614738064   0     
sadasdsad
5.04938286779e-05 0

sadasdsad
100  http://web.archive.org/web/20090124055358id_/http://www.va.gov/              228853332598796493   0   5.04938286779e-05 0     
sadasdsad
0.0 0

sadasdsad
101  http://web.archive.org/web/20090125204053id_/http://www.va.gov/              228853332598796493   0   0.0               0     
sadasdsad
0.0 0

sadasdsad
102  http://web.archive.org/web/20090127040504id_/http://www.va.gov/              228853332598796493   0   0.0               0     
sadasdsad
0.000745123835026 0

sadasdsad
103  http://web.archive.org/web/20090129014802id_/http://www.va.gov/              228853333135667405   2   0.000745123835026 0     
sadasdsad
-2.22044604925e-16 0

sadasdsad
104  http://web.archive.org/web/20090130020442id_/http://www.va.gov/              228853333135667405   0   -2.22044604925e-16 0     
sadasdsad
-2.22044604925e-16 0

sadasdsad
105  http://web.archive.org/web/20090131045727id_/http://www.va.gov/              228853333135667405   0   -2.22044604925e-16 0     
sadasdsad
-2.22044604925e-16 0

sadasdsad
106  http://web.archive.org/web/20090201045935id_/http://www.va.gov/              228853333135667405   0   -2.22044604925e-16 0     
sadasdsad
-2.22044604925e-16 0

sadasdsad
107  http://web.archive.org/web/20090202055601id_/http://www.va.gov/              228853333135667405   0   -2.22044604925e-16 0     
sadasdsad
0.000147251481909 0

sadasdsad
108  http://web.archive.org/web/20090203032413id_/http://www.va.gov/              228853332061925581   1   0.000147251481909 0     
sadasdsad
0.000329136429688 0

sadasdsad
109  http://web.archive.org/web/20090204082641id_/http://www.va.gov/              228853332061925573   1   0.000329136429688 0     
sadasdsad
0.0170904336485 0

sadasdsad
110  http://web.archive.org/web/20090205093832id_/http://www1.va.gov/             154434039124013277   11  0.0170904336485   0     
sadasdsad
0.0170904336485 0

sadasdsad
111  http://web.archive.org/web/20090206112932id_/http://www.va.gov/              228853332061925573   11  0.0170904336485   0     
sadasdsad
0.000860215352788 0

sadasdsad
112  http://web.archive.org/web/20090207150650id_/http://www.va.gov/              226601532256628933   2   0.000860215352788 0     
sadasdsad
0.0 0

sadasdsad
113  http://web.archive.org/web/20090208010953id_/http://www.va.gov/              226601532256628933   0   0.0               0     
sadasdsad
0.0 0

sadasdsad
114  http://web.archive.org/web/20090209163358id_/http://www.va.gov/              226601532256628933   0   0.0               0     
sadasdsad
0.0 0

sadasdsad
115  http://web.archive.org/web/20090210165418id_/http://www.va.gov/              226601532256628933   0   0.0               0     
sadasdsad
0.0 0

sadasdsad
116  http://web.archive.org/web/20090211165048id_/http://www.va.gov/              226601532256628933   0   0.0               0     
sadasdsad
0.0 0

sadasdsad
117  http://web.archive.org/web/20090212180856id_/http://www.va.gov/              226601532256628933   0   0.0               0     
sadasdsad
0.0168737715834 0

sadasdsad
118  http://web.archive.org/web/20090214001504id_/http://www1.va.gov/             154434039124013277   11  0.0168737715834   0     
sadasdsad
0.0168560744895 0

sadasdsad
119  http://web.archive.org/web/20090215042447id_/http://www.va.gov/              228853332070314181   12  0.0168560744895   0     
sadasdsad
0.0 0

sadasdsad
120  http://web.archive.org/web/20090216045005id_/http://www.va.gov/              228853332070314181   0   0.0               0     
sadasdsad
0.0 0

sadasdsad
121  http://web.archive.org/web/20090217075736id_/http://www.va.gov/              228853332070314181   0   0.0               0     
sadasdsad
0.0 0

sadasdsad
122  http://web.archive.org/web/20090218110920id_/http://www.va.gov/              228853332070314181   0   0.0               0     
sadasdsad
0.000737976689277 0

sadasdsad
123  http://web.archive.org/web/20090219155234id_/http://www.va.gov/              228571857093603525   1   0.000737976689277 0     
sadasdsad
0.000580645446109 0

sadasdsad
124  http://web.archive.org/web/20090221060027id_/http://www.va.gov/              228571858167345349   1   0.000580645446109 0     
sadasdsad
0.0174531522403 0

sadasdsad
125  http://web.archive.org/web/20090223070857id_/http://www1.va.gov/             154434039124013277   12  0.0174531522403   0     
sadasdsad
0.0174531522403 0

sadasdsad
126  http://web.archive.org/web/20090224202708id_/http://www.va.gov/              228571858167345349   12  0.0174531522403   0     
sadasdsad
0.0174531522403 0

sadasdsad
127  http://web.archive.org/web/20090225234825id_/http://www1.va.gov/             154434039124013277   12  0.0174531522403   0     
sadasdsad
0.0174377836717 0

sadasdsad
128  http://web.archive.org/web/20090226003140id_/http://www.va.gov/              228571858167345349   12  0.0174377836717   0     
sadasdsad
-2.22044604925e-16 0

sadasdsad
129  http://web.archive.org/web/20090227005048id_/http://www.va.gov/              228571858167345349   0   -2.22044604925e-16 0     
sadasdsad
0.0174377836717 0

sadasdsad
130  http://web.archive.org/web/20090228013714id_/http://www1.va.gov/             154434039124013277   12  0.0174377836717   0     
sadasdsad
1.11022302463e-16 0

sadasdsad
131  http://web.archive.org/web/20090301220658id_/http://www1.va.gov/             154434039124013277   0   1.11022302463e-16 0     
sadasdsad
0.0174377836717 0

sadasdsad
132  http://web.archive.org/web/20090302003128id_/http://www.va.gov/              228571858167345349   12  0.0174377836717   0     
sadasdsad
-2.22044604925e-16 0

sadasdsad
133  http://web.archive.org/web/20090303075214id_/http://www.va.gov/              228571858167345349   0   -2.22044604925e-16 0     
sadasdsad
-2.22044604925e-16 0

sadasdsad
134  http://web.archive.org/web/20090304224244id_/http://www.va.gov/              228571858167345349   0   -2.22044604925e-16 0     
sadasdsad
-2.22044604925e-16 0

sadasdsad
135  http://web.archive.org/web/20090305033710id_/http://www.va.gov/              228571858167345349   0   -2.22044604925e-16 0     
sadasdsad
0.000724473807011 0

sadasdsad
136  http://web.archive.org/web/20090306165334id_/http://www.va.gov/              228567460657705541   4   0.000724473807011 0     
sadasdsad
0.00120192618272 0

sadasdsad
137  http://web.archive.org/web/20090307035757id_/http://www.va.gov/              228708196535447621   4   0.00120192618272  0     
sadasdsad
1.11022302463e-16 0

sadasdsad
138  http://web.archive.org/web/20090308055316id_/http://www.va.gov/              228708196535447621   0   1.11022302463e-16 0     
sadasdsad
1.11022302463e-16 0

sadasdsad
139  http://web.archive.org/web/20090309055652id_/http://www.va.gov/              228708196535447621   0   1.11022302463e-16 0     
sadasdsad
1.11022302463e-16 0

sadasdsad
140  http://web.archive.org/web/20090310011101id_/http://www.va.gov/              228708196535447621   0   1.11022302463e-16 0     
sadasdsad
1.11022302463e-16 0

sadasdsad
141  http://web.archive.org/web/20090311091333id_/http://www.va.gov/              228708196535447621   0   1.11022302463e-16 0     
sadasdsad
4.90261517638e-06 0

sadasdsad
142  http://web.archive.org/web/20090312012732id_/http://www.va.gov/              228708196535447621   0   4.90261517638e-06 0     
sadasdsad
0.0 0

sadasdsad
143  http://web.archive.org/web/20090313074923id_/http://www.va.gov/              228708196535447621   0   0.0               0     
sadasdsad
0.017470720801 0

sadasdsad
144  http://web.archive.org/web/20090315013924id_/http://www1.va.gov/             154434039124013277   10  0.017470720801    0     
sadasdsad
0.0166188888913 0

sadasdsad
145  http://web.archive.org/web/20090316220807id_/http://www.va.gov/              226601532248240333   9   0.0166188888913   0     
sadasdsad
-4.4408920985e-16 0

sadasdsad
146  http://web.archive.org/web/20090317172639id_/http://www.va.gov/              226601532248240333   0   -4.4408920985e-16 0     
sadasdsad
-4.4408920985e-16 0

sadasdsad
147  http://web.archive.org/web/20090318023410id_/http://www.va.gov/              226601532248240333   0   -4.4408920985e-16 0     
sadasdsad
-4.4408920985e-16 0

sadasdsad
148  http://web.archive.org/web/20090319025311id_/http://www.va.gov/              226601532248240333   0   -4.4408920985e-16 0     
sadasdsad
0.000791699831099 0

sadasdsad
149  http://web.archive.org/web/20090320015934id_/http://www.va.gov/              228571858695827653   5   0.000791699831099 0     
sadasdsad
0.000270719251933 0

sadasdsad
150  http://web.archive.org/web/20090321210202id_/http://www.va.gov/              228571858695827653   0   0.000270719251933 0     
sadasdsad
-4.4408920985e-16 0

sadasdsad
151  http://web.archive.org/web/20090323002428id_/http://www.va.gov/              228571858695827653   0   -4.4408920985e-16 0     
sadasdsad
0.000107474256269 0

sadasdsad
152  http://web.archive.org/web/20090324081741id_/http://www.va.gov/              228571858695827653   0   0.000107474256269 0     
sadasdsad
4.4408920985e-16 0

sadasdsad
153  http://web.archive.org/web/20090325125540id_/http://www.va.gov/              228571858695827653   0   4.4408920985e-16  0     
sadasdsad
0.000789322663418 0

sadasdsad
154  http://web.archive.org/web/20090326172506id_/http://www.va.gov/              228571857085206733   4   0.000789322663418 0     
sadasdsad
0.0155871192606 0

sadasdsad
155  http://web.archive.org/web/20090327052026id_/http://www1.va.gov/             154434039124013277   10  0.0155871192606   0     
sadasdsad
0.0155871192606 0

sadasdsad
156  http://web.archive.org/web/20090328170832id_/http://www.va.gov/              228571857085206733   10  0.0155871192606   0     
sadasdsad
1.11022302463e-16 0

sadasdsad
157  http://web.archive.org/web/20090330025328id_/http://www.va.gov/              228571857085206733   0   1.11022302463e-16 0     
sadasdsad
0.0155871192606 0

sadasdsad
158  http://web.archive.org/web/20090331080010id_/http://www1.va.gov/             154434039124013277   10  0.0155871192606   0     
sadasdsad
0.031558548169 0

sadasdsad
159  http://web.archive.org/web/20130103133611id_/http://www.va.gov/              3399119241481794207  16  0.031558548169    0     
sadasdsad
0.0444107232274 0

sadasdsad
160  http://web.archive.org/web/20130104235926id_/http://www.va.gov/              3264011261821039295  7   0.0444107232274   0     
sadasdsad
0.0 0

sadasdsad
161  http://web.archive.org/web/20130106172846id_/http://www1.va.gov/             3264011261821039295  0   0.0               0     
sadasdsad
0.000312279370488 0

sadasdsad
162  http://web.archive.org/web/20130110064731id_/http://www.va.gov/              3264011261821039295  0   0.000312279370488 0     
sadasdsad
0.000117911186643 0

sadasdsad
163  http://web.archive.org/web/20130111231154id_/http://www.va.gov/              3264011261552603839  1   0.000117911186643 0     
sadasdsad
0.000897579466162 0

sadasdsad
164  http://web.archive.org/web/20130113031303id_/http://www.va.gov/              3255039246938387135  4   0.000897579466162 0     
sadasdsad
-2.22044604925e-16 0

sadasdsad
165  http://web.archive.org/web/20130114023957id_/http://www.va.gov/              3255039246938387135  0   -2.22044604925e-16 0     
sadasdsad
-2.22044604925e-16 0

sadasdsad
166  http://web.archive.org/web/20130115020552id_/http://va.gov/                  3255039246938387135  0   -2.22044604925e-16 0     
sadasdsad
9.45807813124e-05 0

sadasdsad
167  http://web.archive.org/web/20130116101852id_/http://www.va.gov/              3255039246669951679  1   9.45807813124e-05 0     
sadasdsad
-8.881784197e-16 0

sadasdsad
168  http://web.archive.org/web/20130117035943id_/http://www.va.gov/              3255039246669951679  0   -8.881784197e-16  0     
sadasdsad
-8.881784197e-16 0

sadasdsad
169  http://web.archive.org/web/20130118050505id_/http://www.va.gov/              3255039246669951679  0   -8.881784197e-16  0     
sadasdsad
0.000215256795664 0

sadasdsad
170  http://web.archive.org/web/20130125210109id_/http://www.va.gov/              3255039238080033471  2   0.000215256795664 0     
sadasdsad
-6.66133814775e-16 0

sadasdsad
171  http://web.archive.org/web/20130127061506id_/http://www1.va.gov/             3255039238080033471  0   -6.66133814775e-16 0     
sadasdsad
-6.66133814775e-16 0

sadasdsad
172  http://web.archive.org/web/20130128162533id_/http://www.va.gov/              3255039238080033471  0   -6.66133814775e-16 0     
sadasdsad
0.0790696728179 0

sadasdsad
173  http://web.archive.org/web/20130130173113id_/http://www2.va.gov/             12854444251181167337 20  0.0790696728179   0     
sadasdsad
0.0787618862717 0

sadasdsad
174  http://web.archive.org/web/20130213202746id_/http://www.va.gov/              2687550509517583039  18  0.0787618862717   0     
sadasdsad
-2.22044604925e-16 0

sadasdsad
175  http://web.archive.org/web/20130214161605id_/http://www.va.gov/              2687550509517583039  0   -2.22044604925e-16 0     
sadasdsad
0.0787618862717 0

sadasdsad
176  http://web.archive.org/web/20130215094440id_/http://www2.va.gov/             12854444251181167337 18  0.0787618862717   0     
sadasdsad
0.0791682206732 0

sadasdsad
177  http://web.archive.org/web/20130216095639id_/http://www.va.gov/              2687585693621236415  18  0.0791682206732   0     
sadasdsad
0.0791682206732 0

sadasdsad
178  http://web.archive.org/web/20130218215325id_/http://www2.va.gov/             12854444251181167337 18  0.0791682206732   0     
sadasdsad
0.080105556098 0

sadasdsad
179  http://web.archive.org/web/20130220214423id_/http://www.va.gov/              3264011261552587455  21  0.080105556098    0     
sadasdsad
0.000323138217382 0

sadasdsad
180  http://web.archive.org/web/20130301021737id_/http://www.va.gov/              3264011261552620223  1   0.000323138217382 0     
sadasdsad
5.65278241943e-05 0

sadasdsad
181  http://web.archive.org/web/20130302045629id_/http://va.gov/                  3264011261552603839  1   5.65278241943e-05 0     
sadasdsad
2.22044604925e-16 0

sadasdsad
182  http://web.archive.org/web/20130303214907id_/https://www.va.gov/             3264011261552603839  0   2.22044604925e-16 0     
sadasdsad
0.000126989100442 0

sadasdsad
183  http://web.archive.org/web/20130305153829id_/http://www.va.gov/              3264011261552603839  0   0.000126989100442 0     
sadasdsad
-2.22044604925e-16 0

sadasdsad
184  http://web.archive.org/web/20130307042611id_/http://www.va.gov/              3264011261552603839  0   -2.22044604925e-16 0     
sadasdsad
0.000238080384175 0

sadasdsad
185  http://web.archive.org/web/20130310134643id_/http://www.va.gov/              3264046437334774463  3   0.000238080384175 0     
sadasdsad
7.02489574413e-05 0

sadasdsad
186  http://web.archive.org/web/20130315014926id_/http://www.va.gov/              3264046437334758079  1   7.02489574413e-05 0     
sadasdsad
-2.22044604925e-16 0

sadasdsad
187  http://web.archive.org/web/20130316004216id_/http://www.va.gov/              3264046437334758079  0   -2.22044604925e-16 0     
sadasdsad
-2.22044604925e-16 0

sadasdsad
188  http://web.archive.org/web/20130317082658id_/http://www.va.gov/              3264046437334758079  0   -2.22044604925e-16 0     
sadasdsad
6.70757832936e-05 0

sadasdsad
189  http://web.archive.org/web/20130320103353id_/http://www.va.gov/              3264046437334774463  1   6.70757832936e-05 0     
sadasdsad
9.90910976441e-05 0

sadasdsad
190  http://web.archive.org/web/20130322010637id_/http://www.va.gov/              3264046437603209919  1   9.90910976441e-05 0     
sadasdsad
0.0 0

sadasdsad
191  http://web.archive.org/web/20130326024206id_/http://www.va.gov/              3264046437603209919  0   0.0               0     
sadasdsad
6.48360631045e-05 0

sadasdsad
192  http://web.archive.org/web/20130329004155id_/http://www.va.gov/?             3264046437603209919  0   6.48360631045e-05 0     
sadasdsad
4.4408920985e-16 0

sadasdsad
193  http://web.archive.org/web/20130331011049id_/http://www.va.gov/              3264046437603209919  0   4.4408920985e-16  0     
sadasdsad
0.00911857572838 0

sadasdsad
194  http://web.archive.org/web/20170101132809id_/http://www.va.gov/              2697155843078976175  8   0.00911857572838  0     
sadasdsad
-2.22044604925e-16 0

sadasdsad
195  http://web.archive.org/web/20170102031744id_/http://www.va.gov/              2697155843078976175  0   -2.22044604925e-16 0     
sadasdsad
-2.22044604925e-16 0

sadasdsad
196  http://web.archive.org/web/20170103145156id_/http://www.va.gov/              2697155843078976175  0   -2.22044604925e-16 0     
sadasdsad
-2.22044604925e-16 0

sadasdsad
197  http://web.archive.org/web/20170104150120id_/http://www.va.gov/              2697155843078976175  0   -2.22044604925e-16 0     
sadasdsad
-2.22044604925e-16 0

sadasdsad
198  http://web.archive.org/web/20170105062850id_/http://www.va.gov/              2697155843078976175  0   -2.22044604925e-16 0     
sadasdsad
-2.22044604925e-16 0

sadasdsad
199  http://web.archive.org/web/20170106072521id_/http://www.va.gov/              2697155843078976175  0   -2.22044604925e-16 0     
sadasdsad
-2.22044604925e-16 0

sadasdsad
200  http://web.archive.org/web/20170107062122id_/http://va.gov//                 2697155843078976175  0   -2.22044604925e-16 0     
sadasdsad
-2.22044604925e-16 0

sadasdsad
201  http://web.archive.org/web/20170108013657id_/http://www.va.gov/              2697155843078976175  0   -2.22044604925e-16 0     
sadasdsad
-2.22044604925e-16 0

sadasdsad
202  http://web.archive.org/web/20170109125242id_/http://www.va.gov/              2697155843078976175  0   -2.22044604925e-16 0     
sadasdsad
-2.22044604925e-16 0

sadasdsad
203  http://web.archive.org/web/20170110205549id_/http://www.va.gov/              2697155843078976175  0   -2.22044604925e-16 0     
sadasdsad
-2.22044604925e-16 0

sadasdsad
204  http://web.archive.org/web/20170111211816id_/http://www.va.gov/              2697155843078976175  0   -2.22044604925e-16 0     
sadasdsad
-2.22044604925e-16 0

sadasdsad
205  http://web.archive.org/web/20170112071340id_/http://www.va.gov/              2697155843078976175  0   -2.22044604925e-16 0     
sadasdsad
-2.22044604925e-16 0

sadasdsad
206  http://web.archive.org/web/20170113033751id_/http://www.va.gov/              2697155843078976175  0   -2.22044604925e-16 0     
sadasdsad
0.00115795964037 0

sadasdsad
207  http://web.archive.org/web/20170114001850id_/http://va.gov/                  2697155568219927183  5   0.00115795964037  0     
sadasdsad
0.0 0

sadasdsad
208  http://web.archive.org/web/20170115235231id_/http://www.va.gov/              2697155568219927183  0   0.0               0     
sadasdsad
0.0 0

sadasdsad
209  http://web.archive.org/web/20170116161908id_/https://www.va.gov/             2697155568219927183  0   0.0               0     
sadasdsad
0.0 0

sadasdsad
210  http://web.archive.org/web/20170117004824id_/http://www.va.gov/              2697155568219927183  0   0.0               0     
sadasdsad
0.0 0

sadasdsad
211  http://web.archive.org/web/20170118015248id_/http://www.va.gov/              2697155568219927183  0   0.0               0     
sadasdsad
0.0 0

sadasdsad
212  http://web.archive.org/web/20170119025225id_/http://www.va.gov/              2697155568219927183  0   0.0               0     
sadasdsad
0.0 0

sadasdsad
213  http://web.archive.org/web/20170120033820id_/http://www.va.gov/              2697155568219927183  0   0.0               0     
sadasdsad
0.0 0

sadasdsad
214  http://web.archive.org/web/20170121002814id_/http://va.gov/                  2697155568219927183  0   0.0               0     
sadasdsad
0.0 0

sadasdsad
215  http://web.archive.org/web/20170122042615id_/http://www.va.gov/              2697155568219927183  0   0.0               0     
sadasdsad
0.0 0

sadasdsad
216  http://web.archive.org/web/20170123041616id_/http://www.va.gov/              2697155568219927183  0   0.0               0     
sadasdsad
0.0 0

sadasdsad
217  http://web.archive.org/web/20170124050040id_/http://www.va.gov/              2697155568219927183  0   0.0               0     
sadasdsad
0.0 0

sadasdsad
218  http://web.archive.org/web/20170125053003id_/http://www.va.gov/              2697155568219927183  0   0.0               0     
sadasdsad
0.0 0

sadasdsad
219  http://web.archive.org/web/20170126060046id_/http://www.va.gov/              2697155568219927183  0   0.0               0     
sadasdsad
0.0 0

sadasdsad
220  http://web.archive.org/web/20170127055955id_/http://www.va.gov/              2697155568219927183  0   0.0               0     
sadasdsad
0.0 0

sadasdsad
221  http://web.archive.org/web/20170128011441id_/http://va.gov/                  2697155568219927183  0   0.0               0     
sadasdsad
0.0 0

sadasdsad
222  http://web.archive.org/web/20170129062205id_/http://www.va.gov/              2697155568219927183  0   0.0               0     
sadasdsad
0.0 0

sadasdsad
223  http://web.archive.org/web/20170130070246id_/http://www.va.gov/              2697155568219927183  0   0.0               0     
sadasdsad
0.0 0

sadasdsad
224  http://web.archive.org/web/20170131010009id_/http://www.va.gov/              2697155568219927183  0   0.0               0     
sadasdsad
0.0 0

sadasdsad
225  http://web.archive.org/web/20170201084254id_/http://www.va.gov/              2697155568219927183  0   0.0               0     
sadasdsad
0.0 0

sadasdsad
226  http://web.archive.org/web/20170202083448id_/http://www.va.gov/              2697155568219927183  0   0.0               0     
sadasdsad
0.0 0

sadasdsad
227  http://web.archive.org/web/20170203052206id_/http://va.gov/                  2697155568219927183  0   0.0               0     
sadasdsad
0.0 0

sadasdsad
228  http://web.archive.org/web/20170204013626id_/http://va.gov/                  2697155568219927183  0   0.0               0     
sadasdsad
0.0 0

sadasdsad
229  http://web.archive.org/web/20170205095002id_/http://va.gov/                  2697155568219927183  0   0.0               0     
sadasdsad
0.0 0

sadasdsad
230  http://web.archive.org/web/20170206095316id_/http://va.gov/                  2697155568219927183  0   0.0               0     
sadasdsad
0.0 0

sadasdsad
231  http://web.archive.org/web/20170207093348id_/http://va.gov/                  2697155568219927183  0   0.0               0     
sadasdsad
0.0 0

sadasdsad
232  http://web.archive.org/web/20170208035930id_/https://www.va.gov/             2697155568219927183  0   0.0               0     
sadasdsad
0.0 0

sadasdsad
233  http://web.archive.org/web/20170209095048id_/http://www.va.gov/              2697155568219927183  0   0.0               0     
sadasdsad
1.74760758509e-06 0

sadasdsad
234  http://web.archive.org/web/20170210094046id_/http://va.gov/                  2697155568219927183  0   1.74760758509e-06 0     
sadasdsad
0.0 0

sadasdsad
235  http://web.archive.org/web/20170211020417id_/http://va.gov/                  2697155568219927183  0   0.0               0     
sadasdsad
0.0 0

sadasdsad
236  http://web.archive.org/web/20170212095030id_/http://va.gov/                  2697155568219927183  0   0.0               0     
sadasdsad
0.0 0

sadasdsad
237  http://web.archive.org/web/20170213084334id_/http://va.gov/                  2697155568219927183  0   0.0               0     
sadasdsad
0.0 0

sadasdsad
238  http://web.archive.org/web/20170214002127id_/http://www.va.gov/              2697155568219927183  0   0.0               0     
sadasdsad
0.0 0

sadasdsad
239  http://web.archive.org/web/20170215012723id_/http://www.va.gov/              2697155568219927183  0   0.0               0     
sadasdsad
0.0 0

sadasdsad
240  http://web.archive.org/web/20170216023635id_/http://www.va.gov/              2697155568219927183  0   0.0               0     
sadasdsad
0.0 0

sadasdsad
241  http://web.archive.org/web/20170217024449id_/http://www.va.gov/              2697155568219927183  0   0.0               0     
sadasdsad
0.0 0

sadasdsad
242  http://web.archive.org/web/20170218023104id_/http://va.gov/                  2697155568219927183  0   0.0               0     
sadasdsad
0.0 0

sadasdsad
243  http://web.archive.org/web/20170219041021id_/http://www.va.gov/              2697155568219927183  0   0.0               0     
sadasdsad
0.0 0

sadasdsad
244  http://web.archive.org/web/20170220043116id_/http://www.va.gov/              2697155568219927183  0   0.0               0     
sadasdsad
0.0 0

sadasdsad
245  http://web.archive.org/web/20170221053854id_/http://www.va.gov/              2697155568219927183  0   0.0               0     
sadasdsad
0.0 0

sadasdsad
246  http://web.archive.org/web/20170222063536id_/http://www.va.gov/              2697155568219927183  0   0.0               0     
sadasdsad
0.0 0

sadasdsad
247  http://web.archive.org/web/20170223072337id_/http://www.va.gov/              2697155568219927183  0   0.0               0     
sadasdsad
0.0 0

sadasdsad
248  http://web.archive.org/web/20170224030038id_/http://www.va.gov/              2697155568219927183  0   0.0               0     
