
5277   <--- Total mementos                                                            
529    <--- After filtering (years: 01, 05, 09, 13, 17)  and months (01, 02 ,03)      
188    <--- More filtering  (One memento per day) 
                                   
1    http://web.archive.org/web/20050101085303id_/http://www.dhs.gov/             17685170213721040629 0   0                 0     
sadasdsad
1.11022302463e-16 0

sadasdsad
2    http://web.archive.org/web/20050103090340id_/http://www.dhs.gov/             17685170213721040629 0   1.11022302463e-16 0     
sadasdsad
1.11022302463e-16 0

sadasdsad
3    http://web.archive.org/web/20050104084429id_/http://www.dhs.gov/             17685170213721040629 0   1.11022302463e-16 0     
sadasdsad
1.11022302463e-16 0

sadasdsad
4    http://web.archive.org/web/20050105092157id_/http://www.dhs.gov/             17685170213721040629 0   1.11022302463e-16 0     
sadasdsad
1.11022302463e-16 0

sadasdsad
5    http://web.archive.org/web/20050106093023id_/http://www.dhs.gov/             17685170213721040629 0   1.11022302463e-16 0     
sadasdsad
1.11022302463e-16 0

sadasdsad
6    http://web.archive.org/web/20050107093159id_/http://www.dhs.gov/             17685170213721040629 0   1.11022302463e-16 0     
sadasdsad
1.11022302463e-16 0

sadasdsad
7    http://web.archive.org/web/20050108093040id_/http://www.dhs.gov/             17685170213721040629 0   1.11022302463e-16 0     
sadasdsad
1.11022302463e-16 0

sadasdsad
8    http://web.archive.org/web/20050109085836id_/http://www.dhs.gov/             17685170213721040629 0   1.11022302463e-16 0     
sadasdsad
1.11022302463e-16 0

sadasdsad
9    http://web.archive.org/web/20050110091805id_/http://www.dhs.gov/             17685170213721040629 0   1.11022302463e-16 0     
sadasdsad
1.11022302463e-16 0

sadasdsad
10   http://web.archive.org/web/20050111094309id_/http://www.dhs.gov/             17685170213721040629 0   1.11022302463e-16 0     
sadasdsad
1.11022302463e-16 0

sadasdsad
11   http://web.archive.org/web/20050112095715id_/http://www.dhs.gov/             17685170213721040629 0   1.11022302463e-16 0     
sadasdsad
1.11022302463e-16 0

sadasdsad
12   http://web.archive.org/web/20050113094348id_/http://www.dhs.gov/             17685170213721040629 0   1.11022302463e-16 0     
sadasdsad
1.11022302463e-16 0

sadasdsad
13   http://web.archive.org/web/20050114095039id_/http://www.dhs.gov/             17685170213721040629 0   1.11022302463e-16 0     
sadasdsad
1.11022302463e-16 0

sadasdsad
14   http://web.archive.org/web/20050115092116id_/http://www.dhs.gov/             17685170213721040629 0   1.11022302463e-16 0     
sadasdsad
1.11022302463e-16 0

sadasdsad
15   http://web.archive.org/web/20050116093139id_/http://www.dhs.gov/             17685170213721040629 0   1.11022302463e-16 0     
sadasdsad
1.11022302463e-16 0

sadasdsad
16   http://web.archive.org/web/20050117091924id_/http://www.dhs.gov/             17685170213721040629 0   1.11022302463e-16 0     
sadasdsad
1.11022302463e-16 0

sadasdsad
17   http://web.archive.org/web/20050204032650id_/http://www.dhs.gov/             17685170213721040629 0   1.11022302463e-16 0     
sadasdsad
1.11022302463e-16 0

sadasdsad
18   http://web.archive.org/web/20050210094148id_/http://www.dhs.gov/             17685170213721040629 0   1.11022302463e-16 0     
sadasdsad
1.11022302463e-16 0

sadasdsad
19   http://web.archive.org/web/20050211090828id_/http://www.dhs.gov/             17685170213721040629 0   1.11022302463e-16 0     
sadasdsad
1.11022302463e-16 0

sadasdsad
20   http://web.archive.org/web/20050213094218id_/http://www.dhs.gov/             17685170213721040629 0   1.11022302463e-16 0     
sadasdsad
1.11022302463e-16 0

sadasdsad
21   http://web.archive.org/web/20050215091756id_/http://www.dhs.gov/             17685170213721040629 0   1.11022302463e-16 0     
sadasdsad
1.11022302463e-16 0

sadasdsad
22   http://web.archive.org/web/20050216100409id_/http://www.dhs.gov/             17685170213721040629 0   1.11022302463e-16 0     
sadasdsad
1.11022302463e-16 0

sadasdsad
23   http://web.archive.org/web/20050217084207id_/http://www.dhs.gov/             17685170213721040629 0   1.11022302463e-16 0     
sadasdsad
1.11022302463e-16 0

sadasdsad
24   http://web.archive.org/web/20050218100326id_/http://www.dhs.gov/             17685170213721040629 0   1.11022302463e-16 0     
sadasdsad
1.11022302463e-16 0

sadasdsad
25   http://web.archive.org/web/20050219084933id_/http://www.dhs.gov/             17685170213721040629 0   1.11022302463e-16 0     
sadasdsad
1.11022302463e-16 0

sadasdsad
26   http://web.archive.org/web/20050222084314id_/http://www.dhs.gov/             17685170213721040629 0   1.11022302463e-16 0     
sadasdsad
1.11022302463e-16 0

sadasdsad
27   http://web.archive.org/web/20050223093807id_/http://www.dhs.gov/             17685170213721040629 0   1.11022302463e-16 0     
sadasdsad
1.11022302463e-16 0

sadasdsad
28   http://web.archive.org/web/20050224091334id_/http://www.dhs.gov/             17685170213721040629 0   1.11022302463e-16 0     
sadasdsad
1.11022302463e-16 0

sadasdsad
29   http://web.archive.org/web/20050225091642id_/http://www.dhs.gov/             17685170213721040629 0   1.11022302463e-16 0     
sadasdsad
1.11022302463e-16 0

sadasdsad
30   http://web.archive.org/web/20050228085050id_/http://www.dhs.gov/             17685170213721040629 0   1.11022302463e-16 0     
sadasdsad
1.11022302463e-16 0

sadasdsad
31   http://web.archive.org/web/20050301093530id_/http://www.dhs.gov/             17685170213721040629 0   1.11022302463e-16 0     
sadasdsad
1.11022302463e-16 0

sadasdsad
32   http://web.archive.org/web/20050302084950id_/http://www.dhs.gov/             17685170213721040629 0   1.11022302463e-16 0     
sadasdsad
1.11022302463e-16 0

sadasdsad
33   http://web.archive.org/web/20050303091206id_/http://www.dhs.gov/             17685170213721040629 0   1.11022302463e-16 0     
sadasdsad
1.11022302463e-16 0

sadasdsad
34   http://web.archive.org/web/20050304092930id_/http://www.dhs.gov/             17685170213721040629 0   1.11022302463e-16 0     
sadasdsad
1.11022302463e-16 0

sadasdsad
35   http://web.archive.org/web/20050305092235id_/http://www.dhs.gov/             17685170213721040629 0   1.11022302463e-16 0     
sadasdsad
1.11022302463e-16 0

sadasdsad
36   http://web.archive.org/web/20050306093124id_/http://www.dhs.gov/             17685170213721040629 0   1.11022302463e-16 0     
sadasdsad
1.11022302463e-16 0

sadasdsad
37   http://web.archive.org/web/20050307093652id_/http://www.dhs.gov/             17685170213721040629 0   1.11022302463e-16 0     
sadasdsad
1.11022302463e-16 0

sadasdsad
38   http://web.archive.org/web/20050308084645id_/http://www.dhs.gov/             17685170213721040629 0   1.11022302463e-16 0     
sadasdsad
1.11022302463e-16 0

sadasdsad
39   http://web.archive.org/web/20050309092856id_/http://www.dhs.gov/             17685170213721040629 0   1.11022302463e-16 0     
sadasdsad
1.18180823905e-06 0

sadasdsad
40   http://web.archive.org/web/20050310084849id_/http://www.dhs.gov/             17685170213721040629 0   1.18180823905e-06 0     
sadasdsad
1.11022302463e-16 0

sadasdsad
41   http://web.archive.org/web/20050311084335id_/http://www.dhs.gov/             17685170213721040629 0   1.11022302463e-16 0     
sadasdsad
1.11022302463e-16 0

sadasdsad
42   http://web.archive.org/web/20050312095201id_/http://www.dhs.gov/             17685170213721040629 0   1.11022302463e-16 0     
sadasdsad
1.11022302463e-16 0

sadasdsad
43   http://web.archive.org/web/20050313084537id_/http://www.dhs.gov/             17685170213721040629 0   1.11022302463e-16 0     
sadasdsad
1.11022302463e-16 0

sadasdsad
44   http://web.archive.org/web/20050317094002id_/http://www.dhs.gov/             17685170213721040629 0   1.11022302463e-16 0     
sadasdsad
1.11022302463e-16 0

sadasdsad
45   http://web.archive.org/web/20050318092034id_/http://www.dhs.gov/             17685170213721040629 0   1.11022302463e-16 0     
sadasdsad
1.11022302463e-16 0

sadasdsad
46   http://web.archive.org/web/20050319091941id_/http://www.dhs.gov/             17685170213721040629 0   1.11022302463e-16 0     
sadasdsad
1.11022302463e-16 0

sadasdsad
47   http://web.archive.org/web/20050320091722id_/http://www.dhs.gov/             17685170213721040629 0   1.11022302463e-16 0     
sadasdsad
1.11022302463e-16 0

sadasdsad
48   http://web.archive.org/web/20050321084712id_/http://www.dhs.gov/             17685170213721040629 0   1.11022302463e-16 0     
sadasdsad
1.11022302463e-16 0

sadasdsad
49   http://web.archive.org/web/20050322094749id_/http://www.dhs.gov/             17685170213721040629 0   1.11022302463e-16 0     
sadasdsad
1.11022302463e-16 0

sadasdsad
50   http://web.archive.org/web/20050324093449id_/http://www.dhs.gov/             17685170213721040629 0   1.11022302463e-16 0     
sadasdsad
1.11022302463e-16 0

sadasdsad
51   http://web.archive.org/web/20050325085207id_/http://www.dhs.gov/             17685170213721040629 0   1.11022302463e-16 0     
sadasdsad
1.11022302463e-16 0

sadasdsad
52   http://web.archive.org/web/20050326091830id_/http://www.dhs.gov/             17685170213721040629 0   1.11022302463e-16 0     
sadasdsad
1.11022302463e-16 0

sadasdsad
53   http://web.archive.org/web/20050328092440id_/http://www.dhs.gov/             17685170213721040629 0   1.11022302463e-16 0     
sadasdsad
1.11022302463e-16 0

sadasdsad
54   http://web.archive.org/web/20050329090550id_/http://www.dhs.gov/             17685170213721040629 0   1.11022302463e-16 0     
sadasdsad
1.11022302463e-16 0

sadasdsad
55   http://web.archive.org/web/20050330085832id_/http://www.dhs.gov/             17685170213721040629 0   1.11022302463e-16 0     
sadasdsad
1.11022302463e-16 0

sadasdsad
56   http://web.archive.org/web/20050331093907id_/http://www.dhs.gov/             17685170213721040629 0   1.11022302463e-16 0     
sadasdsad
0.0231919863177 0

sadasdsad
57   http://web.archive.org/web/20130101222022id_/http://www.dhs.gov/             17653933087882077951 13  0.0231919863177   0     
sadasdsad
-2.22044604925e-16 0

sadasdsad
58   http://web.archive.org/web/20130102093002id_/http://www.dhs.gov/             17653933087882077951 0   -2.22044604925e-16 0     
sadasdsad
2.46891017697e-06 0

sadasdsad
59   http://web.archive.org/web/20130103062349id_/http://www.dhs.gov/             17653933087882077887 1   2.46891017697e-06 0     
sadasdsad
2.46891017686e-06 0

sadasdsad
60   http://web.archive.org/web/20130104012140id_/http://www.dhs.gov/             17653933087882077951 1   2.46891017686e-06 0     
sadasdsad
4.85854203278e-05 0

sadasdsad
61   http://web.archive.org/web/20130107073159id_/http://www.dhs.gov/             17653933087882078207 1   4.85854203278e-05 0     
sadasdsad
5.58494843061e-05 0

sadasdsad
62   http://web.archive.org/web/20130109215710id_/http://www.dhs.gov/             17652807187966977727 5   5.58494843061e-05 0     
sadasdsad
5.00870946369e-05 0

sadasdsad
63   http://web.archive.org/web/20130110224822id_/http://www.dhs.gov/             17652807187966977727 0   5.00870946369e-05 0     
sadasdsad
2.17775450517e-06 0

sadasdsad
64   http://web.archive.org/web/20130111022623id_/http://www.dhs.gov/             17652807187966977727 0   2.17775450517e-06 0     
sadasdsad
7.47347088182e-05 0

sadasdsad
65   http://web.archive.org/web/20130112180107id_/http://www.dhs.gov/             17652807187966977727 0   7.47347088182e-05 0     
sadasdsad
-2.22044604925e-16 0

sadasdsad
66   http://web.archive.org/web/20130113123341id_/http://dhs.gov/                 17652807187966977727 0   -2.22044604925e-16 0     
sadasdsad
3.8106706618e-06 0

sadasdsad
67   http://web.archive.org/web/20130114072124id_/http://www.dhs.gov/             17652807187966977727 0   3.8106706618e-06  0     
sadasdsad
3.8106706618e-06 0

sadasdsad
68   http://web.archive.org/web/20130115055904id_/http://dhs.gov/                 17652807187966977727 0   3.8106706618e-06  0     
sadasdsad
2.24872015856e-05 0

sadasdsad
69   http://web.archive.org/web/20130116183220id_/http://www.dhs.gov/             17652807187966977727 0   2.24872015856e-05 0     
sadasdsad
6.7284994172e-05 0

sadasdsad
70   http://web.archive.org/web/20130121102202id_/http://www.dhs.gov/             17652807187966977727 0   6.7284994172e-05  0     
sadasdsad
3.48134481903e-05 0

sadasdsad
71   http://web.archive.org/web/20130125012232id_/http://www.dhs.gov/             17653933087873820351 1   3.48134481903e-05 0     
sadasdsad
1.74510659574e-05 0

sadasdsad
72   http://web.archive.org/web/20130127033542id_/http://www.dhs.gov/             17653933087873820351 0   1.74510659574e-05 0     
sadasdsad
2.08734470419e-06 0

sadasdsad
73   http://web.archive.org/web/20130128095406id_/http://www.dhs.gov/             17653933087873820351 0   2.08734470419e-06 0     
sadasdsad
2.56456125871e-05 0

sadasdsad
74   http://web.archive.org/web/20130201150206id_/http://www.dhs.gov/             17653933087873820351 0   2.56456125871e-05 0     
sadasdsad
4.41664946659e-05 0

sadasdsad
75   http://web.archive.org/web/20130202084947id_/http://www.dhs.gov/             17652807187966977727 1   4.41664946659e-05 0     
sadasdsad
1.97561604887e-06 0

sadasdsad
76   http://web.archive.org/web/20130204071007id_/http://www.dhs.gov/             17652807187966977727 0   1.97561604887e-06 0     
sadasdsad
1.97561604887e-06 0

sadasdsad
77   http://web.archive.org/web/20130205033218id_/http://www.dhs.gov/             17652807187966977727 0   1.97561604887e-06 0     
sadasdsad
7.82673966752e-05 0

sadasdsad
78   http://web.archive.org/web/20130208152802id_/http://www.dhs.gov/             17652807187966977727 0   7.82673966752e-05 0     
sadasdsad
4.18528153145e-06 0

sadasdsad
79   http://web.archive.org/web/20130210175846id_/http://www.dhs.gov/             17652807187966977727 0   4.18528153145e-06 0     
sadasdsad
4.6888525177e-06 0

sadasdsad
80   http://web.archive.org/web/20130213202541id_/http://www.dhs.gov/             17652807187966977727 0   4.6888525177e-06  0     
sadasdsad
8.96345661751e-05 0

sadasdsad
81   http://web.archive.org/web/20130216034131id_/http://dhs.gov/                 17724864782004905663 1   8.96345661751e-05 0     
sadasdsad
4.96384139909e-05 0

sadasdsad
82   http://web.archive.org/web/20130226055402id_/http://www.dhs.gov/             17724864782004905663 0   4.96384139909e-05 0     
sadasdsad
-2.22044604925e-16 0

sadasdsad
83   http://web.archive.org/web/20130228104500id_/https://www.dhs.gov/            17724864782004905663 0   -2.22044604925e-16 0     
sadasdsad
9.5256960659e-05 0

sadasdsad
84   http://web.archive.org/web/20130302031531id_/http://dhs.gov/                 17724864782004905663 0   9.5256960659e-05  0     
sadasdsad
4.4408920985e-16 0

sadasdsad
85   http://web.archive.org/web/20130303104927id_/http://www.dhs.gov/             17724864782004905663 0   4.4408920985e-16  0     
sadasdsad
0.000139210055203 0

sadasdsad
86   http://web.archive.org/web/20130306055352id_/http://www.dhs.gov/             17725990681911617215 2   0.000139210055203 0     
sadasdsad
5.24713670764e-05 0

sadasdsad
87   http://web.archive.org/web/20130308002955id_/http://www.dhs.gov/             17725990681911617215 0   5.24713670764e-05 0     
sadasdsad
1.82482603783e-06 0

sadasdsad
88   http://web.archive.org/web/20130310115127id_/http://www.dhs.gov/             17725990681911617215 0   1.82482603783e-06 0     
sadasdsad
1.32226078671e-05 0

sadasdsad
89   http://web.archive.org/web/20130314043309id_/http://www.dhs.gov/             17725990681911617215 0   1.32226078671e-05 0     
sadasdsad
2.42644991133e-06 0

sadasdsad
90   http://web.archive.org/web/20130315190234id_/http://www.dhs.gov/             17725990681920005823 1   2.42644991133e-06 0     
sadasdsad
2.27669225872e-06 0

sadasdsad
91   http://web.archive.org/web/20130316014905id_/http://dhs.gov/                 17725990681911617215 1   2.27669225872e-06 0     
sadasdsad
1.81984021408e-06 0

sadasdsad
92   http://web.archive.org/web/20130318025412id_/http://www.dhs.gov/             17725990681920005823 1   1.81984021408e-06 0     
sadasdsad
5.34978703958e-05 0

sadasdsad
93   http://web.archive.org/web/20130324120723id_/http://www.dhs.gov/             17724864782012638911 2   5.34978703958e-05 0     
sadasdsad
8.35749296665e-05 0

sadasdsad
94   http://web.archive.org/web/20130329092344id_/http://www.dhs.gov/             17725990681920005823 2   8.35749296665e-05 0     
sadasdsad
0.0205776592058 0

sadasdsad
95   http://web.archive.org/web/20170101040343id_/https://www.dhs.gov/            17684607263767602933 15  0.0205776592058   0     
sadasdsad
1.12315814094e-06 0

sadasdsad
96   http://web.archive.org/web/20170102004527id_/http://www.dhs.gov/             17683481363860760309 1   1.12315814094e-06 0     
sadasdsad
0.000312234129441 0

sadasdsad
97   http://web.archive.org/web/20170103164439id_/https://www.dhs.gov/            17683481363860760309 0   0.000312234129441 0     
sadasdsad
0.000371276513859 0

sadasdsad
98   http://web.archive.org/web/20170104051214id_/https://www.dhs.gov/            17684607263767602933 1   0.000371276513859 0     
sadasdsad
1.03406836438e-06 0

sadasdsad
99   http://web.archive.org/web/20170105051742id_/http://dhs.gov/                 17684607263767602933 0   1.03406836438e-06 0     
sadasdsad
0.000125955722133 0

sadasdsad
100  http://web.archive.org/web/20170107133851id_/https://www.dhs.gov/            17684607263767619317 1   0.000125955722133 0     
sadasdsad
1.12016431431e-06 0

sadasdsad
101  http://web.archive.org/web/20170108043213id_/https://www.dhs.gov/            17684607263767619317 0   1.12016431431e-06 0     
sadasdsad
1.12016431431e-06 0

sadasdsad
102  http://web.archive.org/web/20170109041303id_/https://www.dhs.gov/            17684607263767619317 0   1.12016431431e-06 0     
sadasdsad
1.96028673671e-06 0

sadasdsad
103  http://web.archive.org/web/20170110023805id_/https://www.dhs.gov/            17684607263767619317 0   1.96028673671e-06 0     
sadasdsad
3.64052949264e-06 0

sadasdsad
104  http://web.archive.org/web/20170111050313id_/https://www.dhs.gov/            17684607263767619317 0   3.64052949264e-06 0     
sadasdsad
-1.11022302463e-15 0

sadasdsad
105  http://web.archive.org/web/20170112013123id_/http://dhs.gov/                 17684607263767619317 0   -1.11022302463e-15 0     
sadasdsad
0.000150188977199 0

sadasdsad
106  http://web.archive.org/web/20170113062603id_/https://www.dhs.gov/            17684607263767619317 0   0.000150188977199 0     
sadasdsad
9.60382235093e-06 0

sadasdsad
107  http://web.archive.org/web/20170114040510id_/https://www.dhs.gov/            17684607263767602933 1   9.60382235093e-06 0     
sadasdsad
1.04149567037e-06 0

sadasdsad
108  http://web.archive.org/web/20170115110438id_/http://www.dhs.gov/             17684607263767602933 0   1.04149567037e-06 0     
sadasdsad
1.04149567037e-06 0

sadasdsad
109  http://web.archive.org/web/20170116083745id_/https://www.dhs.gov/            17684607263767619317 1   1.04149567037e-06 0     
sadasdsad
1.04149567037e-06 0

sadasdsad
110  http://web.archive.org/web/20170117004916id_/https://www.dhs.gov/            17684607263767619317 0   1.04149567037e-06 0     
sadasdsad
1.36807748938e-05 0

sadasdsad
111  http://web.archive.org/web/20170118001750id_/http://www.dhs.gov/             17684607263767602933 1   1.36807748938e-05 0     
sadasdsad
0.00032599012058 0

sadasdsad
112  http://web.archive.org/web/20170119035839id_/https://www.dhs.gov/            17684607263767602933 0   0.00032599012058  0     
sadasdsad
0.000300037164824 0

sadasdsad
113  http://web.archive.org/web/20170120025442id_/https://www.dhs.gov/            17684607263767619317 1   0.000300037164824 0     
sadasdsad
0.000814508710641 0

sadasdsad
114  http://web.archive.org/web/20170121040447id_/https://www.dhs.gov/            17684607263767619317 0   0.000814508710641 0     
sadasdsad
9.64660959295e-05 0

sadasdsad
115  http://web.archive.org/web/20170122014650id_/https://www.dhs.gov/            17684607263767619317 0   9.64660959295e-05 0     
sadasdsad
2.39240673616e-06 0

sadasdsad
116  http://web.archive.org/web/20170123035548id_/https://www.dhs.gov/            17684607263767619317 0   2.39240673616e-06 0     
sadasdsad
7.46006141744e-05 0

sadasdsad
117  http://web.archive.org/web/20170124051028id_/https://www.dhs.gov/            17684607263767619317 0   7.46006141744e-05 0     
sadasdsad
8.61037081696e-05 0

sadasdsad
118  http://web.archive.org/web/20170125043311id_/https://www.dhs.gov/            17684607263767619317 0   8.61037081696e-05 0     
sadasdsad
1.24569068216e-06 0

sadasdsad
119  http://web.archive.org/web/20170126035749id_/https://www.dhs.gov/            17684607263767619317 0   1.24569068216e-06 0     
sadasdsad
4.55393675548e-05 0

sadasdsad
120  http://web.archive.org/web/20170127020353id_/https://www.dhs.gov/            17684607263767619317 0   4.55393675548e-05 0     
sadasdsad
0.000328476557273 0

sadasdsad
121  http://web.archive.org/web/20170128083641id_/https://www.dhs.gov/            17684607263767619317 0   0.000328476557273 0     
sadasdsad
0.000328476557273 0

sadasdsad
122  http://web.archive.org/web/20170129020904id_/http://www.dhs.gov/             17684607263767619317 0   0.000328476557273 0     
sadasdsad
0.000160864669982 0

sadasdsad
123  http://web.archive.org/web/20170130035215id_/https://www.dhs.gov/            17684607263767619317 0   0.000160864669982 0     
sadasdsad
1.43498345847e-05 0

sadasdsad
124  http://web.archive.org/web/20170131014353id_/https://www.dhs.gov/            17684607263767619317 0   1.43498345847e-05 0     
sadasdsad
0.000131657266723 0

sadasdsad
125  http://web.archive.org/web/20170201101528id_/https://www.dhs.gov/            17684607263767619317 0   0.000131657266723 0     
sadasdsad
0.000143894593159 0

sadasdsad
126  http://web.archive.org/web/20170202041213id_/https://www.dhs.gov/            17684607263767619317 0   0.000143894593159 0     
sadasdsad
2.27290288263e-05 0

sadasdsad
127  http://web.archive.org/web/20170203035315id_/https://www.dhs.gov/            17684607263767619317 0   2.27290288263e-05 0     
sadasdsad
1.06570591319e-05 0

sadasdsad
128  http://web.archive.org/web/20170204035049id_/https://www.dhs.gov/            17684607263767619317 0   1.06570591319e-05 0     
sadasdsad
8.00979119941e-06 0

sadasdsad
129  http://web.archive.org/web/20170205033629id_/https://www.dhs.gov/            17684607263767619317 0   8.00979119941e-06 0     
sadasdsad
0.000340648326638 0

sadasdsad
130  http://web.archive.org/web/20170206014945id_/https://www.dhs.gov/            17684607263767619317 0   0.000340648326638 0     
sadasdsad
0.000533016809254 0

sadasdsad
131  http://web.archive.org/web/20170207032350id_/https://www.dhs.gov/            17684607263768667893 1   0.000533016809254 0     
sadasdsad
0.000218802249293 0

sadasdsad
132  http://web.archive.org/web/20170208052747id_/https://www.dhs.gov/            17684607263768667893 0   0.000218802249293 0     
sadasdsad
3.13895029449e-05 0

sadasdsad
133  http://web.archive.org/web/20170209082126id_/http://dhs.gov/                 17684607263768143605 1   3.13895029449e-05 0     
sadasdsad
0.000213545092523 0

sadasdsad
134  http://web.archive.org/web/20170210052908id_/https://www.dhs.gov/            17684607263768143093 1   0.000213545092523 0     
sadasdsad
1.34742062182e-05 0

sadasdsad
135  http://web.archive.org/web/20170211012108id_/https://www.dhs.gov/            17684607263768143605 1   1.34742062182e-05 0     
sadasdsad
1.14248012677e-05 0

sadasdsad
136  http://web.archive.org/web/20170212090221id_/https://www.dhs.gov/            17684607263768143605 0   1.14248012677e-05 0     
sadasdsad
0.000379648178 0

sadasdsad
137  http://web.archive.org/web/20170213023446id_/https://www.dhs.gov/            17684607263768143605 0   0.000379648178    0     
sadasdsad
0.000618648635264 0

sadasdsad
138  http://web.archive.org/web/20170214054606id_/https://www.dhs.gov/            17684607263767619317 2   0.000618648635264 0     
sadasdsad
3.06973104407e-05 0

sadasdsad
139  http://web.archive.org/web/20170215032300id_/https://www.dhs.gov/            17684607263767619317 0   3.06973104407e-05 0     
sadasdsad
5.87904387822e-05 0

sadasdsad
140  http://web.archive.org/web/20170216012959id_/https://www.dhs.gov/            17684607263767619317 0   5.87904387822e-05 0     
sadasdsad
0.000380364669112 0

sadasdsad
141  http://web.archive.org/web/20170217032351id_/https://www.dhs.gov/            17684607263767619317 0   0.000380364669112 0     
sadasdsad
0.000449598573722 0

sadasdsad
142  http://web.archive.org/web/20170218085641id_/https://www.dhs.gov/            17684607263767619317 0   0.000449598573722 0     
sadasdsad
1.27961031304e-06 0

sadasdsad
143  http://web.archive.org/web/20170219035008id_/https://www.dhs.gov/            17684607263767619317 0   1.27961031304e-06 0     
sadasdsad
1.27961031304e-06 0

sadasdsad
144  http://web.archive.org/web/20170220034532id_/https://www.dhs.gov/            17684607263767619317 0   1.27961031304e-06 0     
sadasdsad
0.000363725898329 0

sadasdsad
145  http://web.archive.org/web/20170221040856id_/https://www.dhs.gov/            17685170213721040629 1   0.000363725898329 0     
sadasdsad
0.000457229610562 0

sadasdsad
146  http://web.archive.org/web/20170222014516id_/https://www.dhs.gov/            17685170213721040629 0   0.000457229610562 0     
sadasdsad
0.000322635726197 0

sadasdsad
147  http://web.archive.org/web/20170223085344id_/https://www.dhs.gov/            17685170213721040629 0   0.000322635726197 0     
sadasdsad
0.000323229980119 0

sadasdsad
148  http://web.archive.org/web/20170224021328id_/https://www.dhs.gov/            17685170213721040629 0   0.000323229980119 0     
