
13618  <--- Total mementos                                                            
1209   <--- After filtering (years: 01, 05, 09, 13, 17)  and months (01, 02 ,03)      
185    <--- More filtering  (One memento per day) 
                                   
1    http://web.archive.org/web/20010106115700id_/http://www.epa.gov/             661512306876562036   0   0                 0     
sadasdsad
3.33066907388e-16 0

sadasdsad
2    http://web.archive.org/web/20010107184300id_/http://www.epa.gov/             661512306876562036   0   3.33066907388e-16 0     
sadasdsad
0.000230815744872 0

sadasdsad
3    http://web.archive.org/web/20010118212000id_/http://www.epa.gov/             805645087138454132   3   0.000230815744872 0     
sadasdsad
0.00191260322785 0

sadasdsad
4    http://web.archive.org/web/20010201072500id_/http://www.epa.gov/             220159543394310780   6   0.00191260322785  0     
sadasdsad
5.67497084925e-05 0

sadasdsad
5    http://web.archive.org/web/20010202065900id_/http://epa.gov/                 220159543394310780   0   5.67497084925e-05 0     
sadasdsad
0.00192033650088 0

sadasdsad
6    http://web.archive.org/web/20010224173948id_/http://www.epa.gov/             238173950493604468   5   0.00192033650088  0     
sadasdsad
2.22044604925e-16 0

sadasdsad
7    http://web.archive.org/web/20010226145145id_/http://www.epa.gov/             238173950493604468   0   2.22044604925e-16 0     
sadasdsad
0.000712886309896 0

sadasdsad
8    http://web.archive.org/web/20010301045836id_/http://www.epa.gov/             237611000540174972   3   0.000712886309896 0     
sadasdsad
0.000110138001704 0

sadasdsad
9    http://web.archive.org/web/20010302000216id_/http://www.epa.gov/             237611000540183164   1   0.000110138001704 0     
sadasdsad
0.128468753123 0

sadasdsad
10   http://web.archive.org/web/20010306045046id_/http://www.epa.gov              2060935257565137126  32  0.128468753123    0     
sadasdsad
0.831172040248 0

sadasdsad
11   http://web.archive.org/web/20010307135104id_/http://www.epa.gov              10524384023478783586 27  0.831172040248    0     
sadasdsad
0.811114920459 0

sadasdsad
12   http://web.archive.org/web/20010331154958id_/http://www.epa.gov/             228603801285505660   29  0.811114920459    0     
sadasdsad
0.104518372364 0

sadasdsad
13   http://web.archive.org/web/20050214085225id_/http://www.epa.gov/             11495066090515843709 25  0.104518372364    0     
sadasdsad
0.0488460310657 0

sadasdsad
14   http://web.archive.org/web/20090101002045id_/http://www.epa.gov/             9409719419221019375  18  0.0488460310657   0     
sadasdsad
-2.22044604925e-16 0

sadasdsad
15   http://web.archive.org/web/20090102184738id_/http://www.epa.gov/             9409719419221019375  0   -2.22044604925e-16 0     
sadasdsad
-2.22044604925e-16 0

sadasdsad
16   http://web.archive.org/web/20090103082926id_/http://www.epa.gov/             9409719419221019375  0   -2.22044604925e-16 0     
sadasdsad
-2.22044604925e-16 0

sadasdsad
17   http://web.archive.org/web/20090104172249id_/http://epa.gov/                 9409719419221019375  0   -2.22044604925e-16 0     
sadasdsad
3.08002551028e-05 0

sadasdsad
18   http://web.archive.org/web/20090105220412id_/http://www.epa.gov/             9697949520494824175  2   3.08002551028e-05 0     
sadasdsad
-2.22044604925e-16 0

sadasdsad
19   http://web.archive.org/web/20090106094032id_/http://www.epa.gov/             9697949520494824175  0   -2.22044604925e-16 0     
sadasdsad
-2.22044604925e-16 0

sadasdsad
20   http://web.archive.org/web/20090107002235id_/http://www.epa.gov/             9697949520494824175  0   -2.22044604925e-16 0     
sadasdsad
2.06566963421e-05 0

sadasdsad
21   http://web.archive.org/web/20090109005745id_/http://www.epa.gov/             9697949520494824175  0   2.06566963421e-05 0     
sadasdsad
1.43636732622e-05 0

sadasdsad
22   http://web.archive.org/web/20090114002715id_/http://www.epa.gov/             9697949520494840431  2   1.43636732622e-05 0     
sadasdsad
6.58803732367e-06 0

sadasdsad
23   http://web.archive.org/web/20090115022340id_/http://www.epa.gov/             9697949520494824047  1   6.58803732367e-06 0     
sadasdsad
2.41531665826e-05 0

sadasdsad
24   http://web.archive.org/web/20090116133445id_/http://www.epa.gov/             9697949520494840559  2   2.41531665826e-05 0     
sadasdsad
9.79959661906e-06 0

sadasdsad
25   http://web.archive.org/web/20090117050100id_/http://www.epa.gov/             9697949795372747503  1   9.79959661906e-06 0     
sadasdsad
-2.22044604925e-16 0

sadasdsad
26   http://web.archive.org/web/20090118025231id_/http://www.epa.gov/             9697949795372747503  0   -2.22044604925e-16 0     
sadasdsad
-2.22044604925e-16 0

sadasdsad
27   http://web.archive.org/web/20090119012729id_/http://www.epa.gov/             9697949795372747503  0   -2.22044604925e-16 0     
sadasdsad
-2.22044604925e-16 0

sadasdsad
28   http://web.archive.org/web/20090120130057id_/http://www.epa.gov/             9697949795372747503  0   -2.22044604925e-16 0     
sadasdsad
1.37236668803e-05 0

sadasdsad
29   http://web.archive.org/web/20090123103102id_/http://www.epa.gov/             9697949520494824175  2   1.37236668803e-05 0     
sadasdsad
2.49143964253e-05 0

sadasdsad
30   http://web.archive.org/web/20090130031447id_/http://www.epa.gov/             9697949795372731119  1   2.49143964253e-05 0     
sadasdsad
0.0 0

sadasdsad
31   http://web.archive.org/web/20090202051551id_/http://www.epa.gov/             9697949795372731119  0   0.0               0     
sadasdsad
0.0 0

sadasdsad
32   http://web.archive.org/web/20090203032415id_/http://www.epa.gov/             9697949795372731119  0   0.0               0     
sadasdsad
3.28591663468e-06 0

sadasdsad
33   http://web.archive.org/web/20090204153518id_/http://www.epa.gov/             9697949795372731119  0   3.28591663468e-06 0     
sadasdsad
1.7155800996e-05 0

sadasdsad
34   http://web.archive.org/web/20090207083908id_/http://epa.gov/                 9697949795372730991  1   1.7155800996e-05  0     
sadasdsad
0.0 0

sadasdsad
35   http://web.archive.org/web/20090211153749id_/http://www.epa.gov/             9697949795372730991  0   0.0               0     
sadasdsad
0.0 0

sadasdsad
36   http://web.archive.org/web/20090212081130id_/http://www.epa.gov/             9697949795372730991  0   0.0               0     
sadasdsad
0.0 0

sadasdsad
37   http://web.archive.org/web/20090216224512id_/http://epa.gov/                 9697949795372730991  0   0.0               0     
sadasdsad
2.00004893104e-05 0

sadasdsad
38   http://web.archive.org/web/20090218153748id_/http://www.epa.gov/             9697949795372731119  1   2.00004893104e-05 0     
sadasdsad
4.07895135435e-06 0

sadasdsad
39   http://web.archive.org/web/20090219182211id_/http://www.epa.gov/             9697949520494824047  2   4.07895135435e-06 0     
sadasdsad
2.43167804509e-05 0

sadasdsad
40   http://web.archive.org/web/20090221071744id_/http://www.epa.gov/             9697949520494824047  0   2.43167804509e-05 0     
sadasdsad
-4.4408920985e-16 0

sadasdsad
41   http://web.archive.org/web/20090222231437id_/http://www.epa.gov/             9697949520494824047  0   -4.4408920985e-16 0     
sadasdsad
7.5890930743e-06 0

sadasdsad
42   http://web.archive.org/web/20090225160554id_/http://www.epa.gov/             9697949520494840431  1   7.5890930743e-06  0     
sadasdsad
6.699810704e-06 0

sadasdsad
43   http://web.archive.org/web/20090226014110id_/http://www.epa.gov/             9697949520494824047  1   6.699810704e-06   0     
sadasdsad
1.05655527818e-05 0

sadasdsad
44   http://web.archive.org/web/20090228183400id_/http://www.epa.gov/             9697949520494824047  0   1.05655527818e-05 0     
sadasdsad
4.98926735584e-05 0

sadasdsad
45   http://web.archive.org/web/20090303233225id_/http://www.epa.gov/             9697949520494840431  1   4.98926735584e-05 0     
sadasdsad
-2.22044604925e-16 0

sadasdsad
46   http://web.archive.org/web/20090304161433id_/http://www.epa.gov/             9697949520494840431  0   -2.22044604925e-16 0     
sadasdsad
-2.22044604925e-16 0

sadasdsad
47   http://web.archive.org/web/20090305033710id_/http://www.epa.gov/             9697949520494840431  0   -2.22044604925e-16 0     
sadasdsad
2.98660135734e-07 0

sadasdsad
48   http://web.archive.org/web/20090306084646id_/http://www.epa.gov/             9697949520494840431  0   2.98660135734e-07 0     
sadasdsad
2.27537452675e-05 0

sadasdsad
49   http://web.archive.org/web/20090311162200id_/http://www.epa.gov/             9697949520494840559  1   2.27537452675e-05 0     
sadasdsad
3.12044730677e-06 0

sadasdsad
50   http://web.archive.org/web/20090312140646id_/http://www.epa.gov/             9697949520494824175  1   3.12044730677e-06 0     
sadasdsad
1.54060314335e-05 0

sadasdsad
51   http://web.archive.org/web/20090313185836id_/http://www.epa.gov/             9697949520494824047  1   1.54060314335e-05 0     
sadasdsad
1.99751234248e-05 0

sadasdsad
52   http://web.archive.org/web/20090316163727id_/http://www.epa.gov/             9697949795372731119  2   1.99751234248e-05 0     
sadasdsad
-2.22044604925e-16 0

sadasdsad
53   http://web.archive.org/web/20090317173052id_/http://www.epa.gov/             9697949795372731119  0   -2.22044604925e-16 0     
sadasdsad
7.14473312624e-06 0

sadasdsad
54   http://web.archive.org/web/20090318155028id_/http://www.epa.gov/             9697949795372731119  0   7.14473312624e-06 0     
sadasdsad
-2.22044604925e-16 0

sadasdsad
55   http://web.archive.org/web/20090319023007id_/http://www.epa.gov/             9697949795372731119  0   -2.22044604925e-16 0     
sadasdsad
2.98561981915e-06 0

sadasdsad
56   http://web.archive.org/web/20090320054258id_/http://www.epa.gov/             9697949520494840431  3   2.98561981915e-06 0     
sadasdsad
1.90800668838e-05 0

sadasdsad
57   http://web.archive.org/web/20090323224520id_/http://www.epa.gov/             9697949520494824047  1   1.90800668838e-05 0     
sadasdsad
1.25146366213e-05 0

sadasdsad
58   http://web.archive.org/web/20090325130421id_/http://www.epa.gov/             9697949503314954863  1   1.25146366213e-05 0     
sadasdsad
4.56308780461e-06 0

sadasdsad
59   http://web.archive.org/web/20090326185525id_/http://www.epa.gov/             9697949503314971247  1   4.56308780461e-06 0     
sadasdsad
2.31247487598e-05 0

sadasdsad
60   http://web.archive.org/web/20090327063928id_/http://epa.gov/                 9697949520494840431  1   2.31247487598e-05 0     
sadasdsad
3.24385996575e-06 0

sadasdsad
61   http://web.archive.org/web/20090328185500id_/http://www.epa.gov/             9697949520494840559  1   3.24385996575e-06 0     
sadasdsad
2.88516924706e-05 0

sadasdsad
62   http://web.archive.org/web/20090330195749id_/http://www.epa.gov/             9697949520494840431  1   2.88516924706e-05 0     
sadasdsad
5.76293910948e-06 0

sadasdsad
63   http://web.archive.org/web/20090331150248id_/http://www.epa.gov/             9697949520494840431  0   5.76293910948e-06 0     
sadasdsad
0.085193493649 0

sadasdsad
64   http://web.archive.org/web/20130101065220id_/http://www.epa.gov/             11515759155406846647 27  0.085193493649    0     
sadasdsad
5.54249395446e-06 0

sadasdsad
65   http://web.archive.org/web/20130103130637id_/http://www.epa.gov/             11515759155406846647 0   5.54249395446e-06 0     
sadasdsad
2.68416892597e-05 0

sadasdsad
66   http://web.archive.org/web/20130104082701id_/http://www.epa.gov/             11515759155406846647 0   2.68416892597e-05 0     
sadasdsad
-2.22044604925e-16 0

sadasdsad
67   http://web.archive.org/web/20130105032250id_/http://www.epa.gov/             11515759155406846647 0   -2.22044604925e-16 0     
sadasdsad
-2.22044604925e-16 0

sadasdsad
68   http://web.archive.org/web/20130106162537id_/http://www.epa.gov/             11515759155406846647 0   -2.22044604925e-16 0     
sadasdsad
-2.22044604925e-16 0

sadasdsad
69   http://web.archive.org/web/20130107040546id_/http://www.epa.gov/             11515759155406846647 0   -2.22044604925e-16 0     
sadasdsad
0.00171758871926 0

sadasdsad
70   http://web.archive.org/web/20130110204509id_/http://www.epa.gov/             11515838320244046525 4   0.00171758871926  0     
sadasdsad
-6.66133814775e-16 0

sadasdsad
71   http://web.archive.org/web/20130111004525id_/http://www.epa.gov/             11515838320244046525 0   -6.66133814775e-16 0     
sadasdsad
-6.66133814775e-16 0

sadasdsad
72   http://web.archive.org/web/20130112141839id_/http://www.epa.gov/             11515838320244046525 0   -6.66133814775e-16 0     
sadasdsad
-6.66133814775e-16 0

sadasdsad
73   http://web.archive.org/web/20130113024507id_/http://www2.epa.gov/            11515838320244046525 0   -6.66133814775e-16 0     
sadasdsad
-6.66133814775e-16 0

sadasdsad
74   http://web.archive.org/web/20130114162636id_/http://www.epa.gov/             11515838320244046525 0   -6.66133814775e-16 0     
sadasdsad
1.25077133116e-05 0

sadasdsad
75   http://web.archive.org/web/20130115044300id_/http://epa.gov/                 11515838320244046525 0   1.25077133116e-05 0     
sadasdsad
8.881784197e-16 0

sadasdsad
76   http://web.archive.org/web/20130116134520id_/http://www.epa.gov/             11515838320244046525 0   8.881784197e-16   0     
sadasdsad
5.74289579891e-07 0

sadasdsad
77   http://web.archive.org/web/20130117094455id_/http://www.epa.gov/             11515838320244046525 0   5.74289579891e-07 0     
sadasdsad
1.53191619772e-05 0

sadasdsad
78   http://web.archive.org/web/20130118142906id_/http://www.epa.gov/             11515838320244046525 0   1.53191619772e-05 0     
sadasdsad
1.68844621072e-05 0

sadasdsad
79   http://web.archive.org/web/20130120203304id_/http://www.epa.gov/             11515838320244046525 0   1.68844621072e-05 0     
sadasdsad
-6.66133814775e-16 0

sadasdsad
80   http://web.archive.org/web/20130121040703id_/http://www.epa.gov/             11515838320244046525 0   -6.66133814775e-16 0     
sadasdsad
3.38714486658e-06 0

sadasdsad
81   http://web.archive.org/web/20130122221345id_/http://www.epa.gov/             11515838320244046525 0   3.38714486658e-06 0     
sadasdsad
1.45364820847e-07 0

sadasdsad
82   http://web.archive.org/web/20130123230146id_/http://www.epa.gov/             11515838320244046525 0   1.45364820847e-07 0     
sadasdsad
-1.11022302463e-15 0

sadasdsad
83   http://web.archive.org/web/20130124092109id_/http://www.epa.gov/             11515838320244046525 0   -1.11022302463e-15 0     
sadasdsad
-1.11022302463e-15 0

sadasdsad
84   http://web.archive.org/web/20130125150844id_/http://www.epa.gov/             11515838320244046525 0   -1.11022302463e-15 0     
sadasdsad
6.25288099854e-06 0

sadasdsad
85   http://web.archive.org/web/20130128040506id_/http://www.epa.gov/             11515838320244046525 0   6.25288099854e-06 0     
sadasdsad
5.72478246252e-07 0

sadasdsad
86   http://web.archive.org/web/20130129142040id_/http://www.epa.gov/             11515838320244046525 0   5.72478246252e-07 0     
sadasdsad
1.58445164904e-05 0

sadasdsad
87   http://web.archive.org/web/20130201043356id_/http://epa.gov/                 11515838320244046525 0   1.58445164904e-05 0     
sadasdsad
-2.22044604925e-16 0

sadasdsad
88   http://web.archive.org/web/20130203234639id_/http://www.epa.gov/             11515838320244046525 0   -2.22044604925e-16 0     
sadasdsad
-2.22044604925e-16 0

sadasdsad
89   http://web.archive.org/web/20130204040547id_/http://www.epa.gov/             11515838320244046525 0   -2.22044604925e-16 0     
sadasdsad
7.88372370819e-06 0

sadasdsad
90   http://web.archive.org/web/20130205025927id_/http://www.epa.gov/             11515838320244046525 0   7.88372370819e-06 0     
sadasdsad
1.77771557966e-05 0

sadasdsad
91   http://web.archive.org/web/20130206162955id_/http://www.epa.gov/             11515838320244046525 0   1.77771557966e-05 0     
sadasdsad
2.70808074646e-05 0

sadasdsad
92   http://web.archive.org/web/20130208141746id_/http://www.epa.gov/             11515838320244046525 0   2.70808074646e-05 0     
sadasdsad
6.66133814775e-16 0

sadasdsad
93   http://web.archive.org/web/20130210150442id_/http://www.epa.gov/             11515838320244046525 0   6.66133814775e-16 0     
sadasdsad
6.66133814775e-16 0

sadasdsad
94   http://web.archive.org/web/20130211003736id_/http://www.epa.gov/             11515838320244046525 0   6.66133814775e-16 0     
sadasdsad
1.1639271757e-05 0

sadasdsad
95   http://web.archive.org/web/20130212142028id_/http://www.epa.gov/             11497823921734564541 1   1.1639271757e-05  0     
sadasdsad
6.66133814775e-16 0

sadasdsad
96   http://web.archive.org/web/20130213025556id_/http://www.epa.gov/             11497823921734564541 0   6.66133814775e-16 0     
sadasdsad
6.66133814775e-16 0

sadasdsad
97   http://web.archive.org/web/20130214151525id_/http://www.epa.gov/             11497823921734564541 0   6.66133814775e-16 0     
sadasdsad
1.39177984462e-05 0

sadasdsad
98   http://web.archive.org/web/20130215220709id_/http://www.epa.gov/             11497823921734826685 1   1.39177984462e-05 0     
sadasdsad
8.881784197e-16 0

sadasdsad
99   http://web.archive.org/web/20130216012611id_/http://www.epa.gov/             11497823921734826685 0   8.881784197e-16   0     
sadasdsad
8.881784197e-16 0

sadasdsad
100  http://web.archive.org/web/20130218040700id_/http://www.epa.gov/             11497823921734826685 0   8.881784197e-16   0     
sadasdsad
8.881784197e-16 0

sadasdsad
101  http://web.archive.org/web/20130219142916id_/http://www.epa.gov/             11497823921734826685 0   8.881784197e-16   0     
sadasdsad
8.881784197e-16 0

sadasdsad
102  http://web.archive.org/web/20130220203319id_/http://www.epa.gov/             11497823921734826685 0   8.881784197e-16   0     
sadasdsad
8.881784197e-16 0

sadasdsad
103  http://web.archive.org/web/20130222091433id_/http://www.epa.gov/             11497823921734826685 0   8.881784197e-16   0     
sadasdsad
8.881784197e-16 0

sadasdsad
104  http://web.archive.org/web/20130223230902id_/http://www.epa.gov/             11497823921734826685 0   8.881784197e-16   0     
sadasdsad
8.881784197e-16 0

sadasdsad
105  http://web.archive.org/web/20130224092108id_/http://www.epa.gov/             11497823921734826685 0   8.881784197e-16   0     
sadasdsad
8.881784197e-16 0

sadasdsad
106  http://web.archive.org/web/20130225040646id_/http://www.epa.gov/             11497823921734826685 0   8.881784197e-16   0     
sadasdsad
1.98613447511e-05 0

sadasdsad
107  http://web.archive.org/web/20130226024008id_/http://www.epa.gov/             11497823921734826685 0   1.98613447511e-05 0     
sadasdsad
1.24659461215e-05 0

sadasdsad
108  http://web.archive.org/web/20130228205828id_/http://www.epa.gov/             11497823921734826685 0   1.24659461215e-05 0     
sadasdsad
-2.22044604925e-16 0

sadasdsad
109  http://web.archive.org/web/20130301070252id_/http://www.epa.gov/             11497823921734826685 0   -2.22044604925e-16 0     
sadasdsad
-2.22044604925e-16 0

sadasdsad
110  http://web.archive.org/web/20130302032917id_/http://epa.gov/                 11497823921734826685 0   -2.22044604925e-16 0     
sadasdsad
-2.22044604925e-16 0

sadasdsad
111  http://web.archive.org/web/20130304040647id_/http://www.epa.gov/             11497823921734826685 0   -2.22044604925e-16 0     
sadasdsad
-2.22044604925e-16 0

sadasdsad
112  http://web.archive.org/web/20130305023931id_/http://www.epa.gov/             11497823921734826685 0   -2.22044604925e-16 0     
sadasdsad
-2.22044604925e-16 0

sadasdsad
113  http://web.archive.org/web/20130306083642id_/http://www.epa.gov/             11497823921734826685 0   -2.22044604925e-16 0     
sadasdsad
-2.22044604925e-16 0

sadasdsad
114  http://web.archive.org/web/20130307154511id_/http://www.epa.gov/             11497823921734826685 0   -2.22044604925e-16 0     
sadasdsad
-2.22044604925e-16 0

sadasdsad
115  http://web.archive.org/web/20130308132955id_/http://www.epa.gov/             11497823921734826685 0   -2.22044604925e-16 0     
sadasdsad
4.70830380593e-05 0

sadasdsad
116  http://web.archive.org/web/20130310151838id_/http://www2.epa.gov/            11497823921734826685 0   4.70830380593e-05 0     
sadasdsad
4.4408920985e-16 0

sadasdsad
117  http://web.archive.org/web/20130311031229id_/http://www.epa.gov/             11497823921734826685 0   4.4408920985e-16  0     
sadasdsad
4.4408920985e-16 0

sadasdsad
118  http://web.archive.org/web/20130312110913id_/http://epa.gov/                 11497823921734826685 0   4.4408920985e-16  0     
sadasdsad
1.23111051538e-05 0

sadasdsad
119  http://web.archive.org/web/20130313025126id_/http://www.epa.gov/             11497823921734564541 1   1.23111051538e-05 0     
sadasdsad
5.68162475956e-07 0

sadasdsad
120  http://web.archive.org/web/20130314155047id_/http://www.epa.gov/             11497823921734564541 0   5.68162475956e-07 0     
sadasdsad
4.4408920985e-16 0

sadasdsad
121  http://web.archive.org/web/20130315031817id_/http://www.epa.gov/             11497823921734564541 0   4.4408920985e-16  0     
sadasdsad
1.49642218459e-05 0

sadasdsad
122  http://web.archive.org/web/20130316001841id_/http://www.epa.gov/             11497823921734826685 1   1.49642218459e-05 0     
sadasdsad
4.4408920985e-16 0

sadasdsad
123  http://web.archive.org/web/20130318040706id_/http://www.epa.gov/             11497823921734826685 0   4.4408920985e-16  0     
sadasdsad
7.22311648961e-05 0

sadasdsad
124  http://web.archive.org/web/20130319155048id_/http://epa.gov/                 11516931234936273597 6   7.22311648961e-05 0     
sadasdsad
0.000154911665605 0

sadasdsad
125  http://web.archive.org/web/20130321064404id_/http://www.epa.gov/             11516931234936273597 0   0.000154911665605 0     
sadasdsad
2.22044604925e-16 0

sadasdsad
126  http://web.archive.org/web/20130322101508id_/http://www.epa.gov/             11516931234936273597 0   2.22044604925e-16 0     
sadasdsad
0.000177880125487 0

sadasdsad
127  http://web.archive.org/web/20130326203630id_/http://epa.gov/                 11516931234936535741 1   0.000177880125487 0     
sadasdsad
0.0 0

sadasdsad
128  http://web.archive.org/web/20130327073130id_/http://www.epa.gov/             11516931234936535741 0   0.0               0     
sadasdsad
5.14665487317e-06 0

sadasdsad
129  http://web.archive.org/web/20130329021105id_/http://www.epa.gov/             11516931234936535741 0   5.14665487317e-06 0     
sadasdsad
4.35057931687e-05 0

sadasdsad
130  http://web.archive.org/web/20130331123837id_/http://www.epa.gov/             11516931234936535741 0   4.35057931687e-05 0     
sadasdsad
0.0952413131027 0

sadasdsad
131  http://web.archive.org/web/20170101183626id_/http://www.epa.gov/             10789638388248945308 19  0.0952413131027   0     
sadasdsad
1.18645266828e-05 0

sadasdsad
132  http://web.archive.org/web/20170102121817id_/http://epa.gov/                 10789638388248945308 0   1.18645266828e-05 0     
sadasdsad
5.5661494387e-06 0

sadasdsad
133  http://web.archive.org/web/20170103024116id_/https://www.epa.gov/            10789638388248945308 0   5.5661494387e-06  0     
sadasdsad
5.27687820161e-05 0

sadasdsad
134  http://web.archive.org/web/20170104153826id_/https://www.epa.gov/            10789638388248945308 0   5.27687820161e-05 0     
sadasdsad
-2.22044604925e-16 0

sadasdsad
135  http://web.archive.org/web/20170105051340id_/http://epa.gov/                 10789638388248945308 0   -2.22044604925e-16 0     
sadasdsad
6.35842571326e-05 0

sadasdsad
136  http://web.archive.org/web/20170106005612id_/https://www.epa.gov/            10789636189225689756 1   6.35842571326e-05 0     
sadasdsad
5.42936580045e-05 0

sadasdsad
137  http://web.archive.org/web/20170107014839id_/http://www.epa.gov/             10789636189225689756 0   5.42936580045e-05 0     
sadasdsad
1.04598816746e-05 0

sadasdsad
138  http://web.archive.org/web/20170108013556id_/https://www.epa.gov/            10789636189225689756 0   1.04598816746e-05 0     
sadasdsad
2.16852526778e-05 0

sadasdsad
139  http://web.archive.org/web/20170109051333id_/http://www.epa.gov              10789636189225689756 0   2.16852526778e-05 0     
sadasdsad
5.60810752592e-06 0

sadasdsad
140  http://web.archive.org/web/20170110083523id_/http://www.epa.gov/             10789636189225689756 0   5.60810752592e-06 0     
sadasdsad
4.38052980358e-05 0

sadasdsad
141  http://web.archive.org/web/20170111141219id_/https://www.epa.gov/            10789636189225689756 0   4.38052980358e-05 0     
sadasdsad
0.000150837633608 0

sadasdsad
142  http://web.archive.org/web/20170112020825id_/https://www.epa.gov/            10789636189225689756 0   0.000150837633608 0     
sadasdsad
0.000160234168342 0

sadasdsad
143  http://web.archive.org/web/20170113112405id_/https://www.epa.gov/            12807248822354780860 4   0.000160234168342 0     
sadasdsad
1.80659322482e-05 0

sadasdsad
144  http://web.archive.org/web/20170114045229id_/http://www.epa.gov/             12807248822354780860 0   1.80659322482e-05 0     
sadasdsad
8.75941335599e-06 0

sadasdsad
145  http://web.archive.org/web/20170115233426id_/http://www.epa.gov/             10501405813141086908 1   8.75941335599e-06 0     
sadasdsad
0.0 0

sadasdsad
146  http://web.archive.org/web/20170116001307id_/http://www.epa.gov/             10501405813141086908 0   0.0               0     
sadasdsad
7.29951639222e-06 0

sadasdsad
147  http://web.archive.org/web/20170117010229id_/http://www.epa.gov/             10501405813141086908 0   7.29951639222e-06 0     
sadasdsad
3.83038841212e-05 0

sadasdsad
148  http://web.archive.org/web/20170118103913id_/http://www3.epa.gov/            10501405813141086908 0   3.83038841212e-05 0     
sadasdsad
1.17219021549e-05 0

sadasdsad
149  http://web.archive.org/web/20170119002414id_/https://www.epa.gov/            12807248822354780860 1   1.17219021549e-05 0     
sadasdsad
9.48993368772e-05 0

sadasdsad
150  http://web.archive.org/web/20170120005720id_/https://www.epa.gov/            12807248822354780860 0   9.48993368772e-05 0     
sadasdsad
5.50724213372e-05 0

sadasdsad
151  http://web.archive.org/web/20170121000048id_/https://www.epa.gov/            12807248822354780860 0   5.50724213372e-05 0     
sadasdsad
7.56494941212e-06 0

sadasdsad
152  http://web.archive.org/web/20170122053224id_/https://www3.epa.gov/           12807248822354780860 0   7.56494941212e-06 0     
sadasdsad
7.56494941201e-06 0

sadasdsad
153  http://web.archive.org/web/20170123012850id_/https://epa.gov/                12807248822354780860 0   7.56494941201e-06 0     
sadasdsad
3.56402747429e-05 0

sadasdsad
154  http://web.archive.org/web/20170124052503id_/https://www.epa.gov/            12807248822354780860 0   3.56402747429e-05 0     
sadasdsad
7.56513483491e-06 0

sadasdsad
155  http://web.archive.org/web/20170125001000id_/https://www.epa.gov/            12807248822354780860 0   7.56513483491e-06 0     
sadasdsad
0.000103922449144 0

sadasdsad
156  http://web.archive.org/web/20170126004138id_/https://www.epa.gov/            10501405804484043452 3   0.000103922449144 0     
sadasdsad
5.20030379676e-05 0

sadasdsad
157  http://web.archive.org/web/20170127000357id_/https://www.epa.gov/            12807248813697737404 1   5.20030379676e-05 0     
sadasdsad
1.0520765986e-05 0

sadasdsad
158  http://web.archive.org/web/20170128011936id_/https://www.epa.gov/            12807248813697737404 0   1.0520765986e-05  0     
sadasdsad
1.0520765986e-05 0

sadasdsad
159  http://web.archive.org/web/20170129001727id_/http://EPA.gov                  12807248813697737404 0   1.0520765986e-05  0     
sadasdsad
1.05207659858e-05 0

sadasdsad
160  http://web.archive.org/web/20170130040805id_/https://www.epa.gov/            10501405804484043452 1   1.05207659858e-05 0     
sadasdsad
1.05207659858e-05 0

sadasdsad
161  http://web.archive.org/web/20170131000251id_/https://www3.epa.gov/           12807248813697737404 1   1.05207659858e-05 0     
sadasdsad
4.10731690561e-05 0

sadasdsad
162  http://web.archive.org/web/20170201134835id_/http://www.epa.gov/             12807248813697737404 0   4.10731690561e-05 0     
sadasdsad
-4.4408920985e-16 0

sadasdsad
163  http://web.archive.org/web/20170202030536id_/https://www.epa.gov/            12807248813697737404 0   -4.4408920985e-16 0     
sadasdsad
7.51511274777e-06 0

sadasdsad
164  http://web.archive.org/web/20170203005454id_/https://www.epa.gov/            12807248813697737372 1   7.51511274777e-06 0     
sadasdsad
-4.4408920985e-16 0

sadasdsad
165  http://web.archive.org/web/20170204041920id_/http://www.epa.gov/             12807248813697737372 0   -4.4408920985e-16 0     
sadasdsad
9.01812860454e-06 0

sadasdsad
166  http://web.archive.org/web/20170205004131id_/http://epa.gov/                 12807248813697737404 1   9.01812860454e-06 0     
sadasdsad
9.01812860443e-06 0

sadasdsad
167  http://web.archive.org/web/20170206144343id_/https://www3.epa.gov/           12807248813697737404 0   9.01812860443e-06 0     
sadasdsad
-4.4408920985e-16 0

sadasdsad
168  http://web.archive.org/web/20170207030016id_/https://www3.epa.gov/           12807248813697737404 0   -4.4408920985e-16 0     
sadasdsad
1.20241536259e-05 0

sadasdsad
169  http://web.archive.org/web/20170208061421id_/http://www.epa.gov/             12807248813764846236 2   1.20241536259e-05 0     
sadasdsad
1.20241536261e-05 0

sadasdsad
170  http://web.archive.org/web/20170209032713id_/https://www2.epa.gov/           12807248813697737404 2   1.20241536261e-05 0     
sadasdsad
-4.4408920985e-16 0

sadasdsad
171  http://web.archive.org/web/20170210003101id_/https://www.epa.gov/            12807248813697737404 0   -4.4408920985e-16 0     
sadasdsad
-4.4408920985e-16 0

sadasdsad
172  http://web.archive.org/web/20170211011047id_/http://epa.gov/                 12807248813697737404 0   -4.4408920985e-16 0     
sadasdsad
1.05211422304e-05 0

sadasdsad
173  http://web.archive.org/web/20170213101453id_/http://www.epa.gov/             12807248813697737404 0   1.05211422304e-05 0     
sadasdsad
-6.66133814775e-16 0

sadasdsad
174  http://web.archive.org/web/20170214063312id_/https://www.epa.gov/            12807248813697737404 0   -6.66133814775e-16 0     
sadasdsad
9.01812860454e-06 0

sadasdsad
175  http://web.archive.org/web/20170215012906id_/https://www.epa.gov/            12807248813697737372 1   9.01812860454e-06 0     
sadasdsad
1.84465881112e-05 0

sadasdsad
176  http://web.archive.org/web/20170216053257id_/http://www.epa.gov/             12807248813697737372 0   1.84465881112e-05 0     
sadasdsad
7.47011833058e-06 0

sadasdsad
177  http://web.archive.org/web/20170217005359id_/https://www.epa.gov/            12807248813697737372 0   7.47011833058e-06 0     
sadasdsad
0.000444640497363 0

sadasdsad
178  http://web.archive.org/web/20170218034635id_/https://www.epa.gov/            12807248822354780828 2   0.000444640497363 0     
sadasdsad
8.2046453842e-06 0

sadasdsad
179  http://web.archive.org/web/20170219000425id_/https://www.epa.gov/            12807248822354780828 0   8.2046453842e-06  0     
sadasdsad
0.0 0

sadasdsad
180  http://web.archive.org/web/20170220035100id_/https://www.epa.gov/            12807248822354780828 0   0.0               0     
sadasdsad
9.84556648376e-06 0

sadasdsad
181  http://web.archive.org/web/20170221063249id_/http://www.epa.gov/             12807248822354780828 0   9.84556648376e-06 0     
sadasdsad
3.56040398213e-05 0

sadasdsad
182  http://web.archive.org/web/20170222071314id_/http://www.epa.gov/             12807248822354780828 0   3.56040398213e-05 0     
sadasdsad
5.28780655186e-05 0

sadasdsad
183  http://web.archive.org/web/20170223055133id_/http://www.epa.gov/             12807248822354780828 0   5.28780655186e-05 0     
